#
# There is insufficient memory for the Java Runtime Environment to continue.
# Native memory allocation (malloc) failed to allocate 1759696 bytes for Chunk::new
# Possible reasons:
#   The system is out of physical RAM or swap space
#   The process is running with CompressedOops enabled, and the Java Heap may be blocking the growth of the native heap
# Possible solutions:
#   Reduce memory load on the system
#   Increase physical memory or swap space
#   Check if swap backing store is full
#   Decrease Java heap size (-Xmx/-Xms)
#   Decrease number of Java threads
#   Decrease Java thread stack sizes (-Xss)
#   Set larger code cache with -XX:ReservedCodeCacheSize=
#   JVM is running with Unscaled Compressed Oops mode in which the Java heap is
#     placed in the first 4GB address space. The Java Heap base address is the
#     maximum limit for the native heap growth. Please use -XX:HeapBaseMinAddress
#     to set the Java Heap base and to place the Java Heap above 4GB virtual address.
# This output file may be truncated or incomplete.
#
#  Out of Memory Error (arena.cpp:189), pid=4012, tid=3340
#
# JRE version: OpenJDK Runtime Environment (17.0.1+12) (build 17.0.1+12-39)
# Java VM: OpenJDK 64-Bit Server VM (17.0.1+12-39, mixed mode, sharing, tiered, compressed oops, compressed class ptrs, g1 gc, windows-amd64)
# No core dump will be written. Minidumps are not enabled by default on client versions of Windows
#

---------------  S U M M A R Y ------------

Command Line: --add-opens=java.base/java.util=ALL-UNNAMED --add-opens=java.base/java.lang=ALL-UNNAMED --add-opens=java.base/java.lang.invoke=ALL-UNNAMED --add-opens=java.base/java.util=ALL-UNNAMED --add-opens=java.prefs/java.util.prefs=ALL-UNNAMED --add-opens=java.prefs/java.util.prefs=ALL-UNNAMED --add-opens=java.base/java.nio.charset=ALL-UNNAMED --add-opens=java.base/java.net=ALL-UNNAMED --add-opens=java.base/java.util.concurrent.atomic=ALL-UNNAMED -XX:MaxMetaspaceSize=256m -XX:+HeapDumpOnOutOfMemoryError -Xms256m -Xmx512m -Dfile.encoding=windows-1251 -Duser.country=RU -Duser.language=ru -Duser.variant org.gradle.launcher.daemon.bootstrap.GradleDaemon 7.2

Host: Intel(R) Pentium(R) CPU B980 @ 2.40GHz, 2 cores, 3G,  Windows 7 , 64 bit Build 7601 (6.1.7601.18409)
Time: Tue Apr 26 22:19:12 2022 ÃÓÒÍÓ‚ÒÍÓÂ ‚ÂÏˇ (ÁËÏ‡) elapsed time: 29.829502 seconds (0d 0h 0m 29s)

---------------  T H R E A D  ---------------

Current thread (0x000000000d9627f0):  JavaThread "C2 CompilerThread0" daemon [_thread_in_native, id=3340, stack(0x000000000ee50000,0x000000000ef50000)]


Current CompileTask:
C2:  29829 6191       4       java.net.URLClassLoader$1::run (5 bytes)

Stack: [0x000000000ee50000,0x000000000ef50000]
Native frames: (J=compiled Java code, j=interpreted, Vv=VM code, C=native code)
V  [jvm.dll+0x66fa1a]
V  [jvm.dll+0x7ce5a4]
V  [jvm.dll+0x7cfd4e]
V  [jvm.dll+0x7d03b3]
V  [jvm.dll+0x242b05]
V  [jvm.dll+0xaa05b]
V  [jvm.dll+0xaa5ec]
V  [jvm.dll+0x35f9b2]
V  [jvm.dll+0x329f51]
V  [jvm.dll+0x3293fa]
V  [jvm.dll+0x215bf1]
V  [jvm.dll+0x215011]
V  [jvm.dll+0x1a168d]
V  [jvm.dll+0x224848]
V  [jvm.dll+0x2229ac]
V  [jvm.dll+0x78435b]
V  [jvm.dll+0x77e91a]
V  [jvm.dll+0x66e845]
C  [ucrtbase.DLL+0x1d912]
C  [kernel32.dll+0x159ed]
C  [ntdll.dll+0x2ba01]


---------------  P R O C E S S  ---------------

Threads class SMR info:
_java_thread_list=0x000000002b9232d0, length=37, elements={
0x00000000004c5080, 0x000000000d945930, 0x000000000d94b5f0, 0x000000000d95aa10,
0x000000000d95b590, 0x000000000d95de50, 0x000000000d95fb50, 0x000000000d9627f0,
0x000000000d9641e0, 0x000000000d96f6f0, 0x000000001e3e13d0, 0x000000001e3ebed0,
0x0000000026cb6e80, 0x00000000278e4e30, 0x0000000027516070, 0x0000000026d8a110,
0x0000000026e42080, 0x0000000026e45ae0, 0x00000000278bb1e0, 0x000000001e7308a0,
0x000000001e730d70, 0x000000001e731240, 0x000000001e731710, 0x000000001e731be0,
0x000000001e7320b0, 0x000000001e732a50, 0x000000001e732f20, 0x000000001e7333f0,
0x000000001e7338c0, 0x000000001e733d90, 0x0000000028cea1a0, 0x0000000028cea670,
0x0000000028ceb010, 0x0000000028cebe80, 0x0000000028cec350, 0x0000000028cec820,
0x0000000028ced1c0
}

Java Threads: ( => current thread )
  0x00000000004c5080 JavaThread "main" [_thread_blocked, id=4576, stack(0x0000000001f50000,0x0000000002050000)]
  0x000000000d945930 JavaThread "Reference Handler" daemon [_thread_blocked, id=4968, stack(0x000000000db30000,0x000000000dc30000)]
  0x000000000d94b5f0 JavaThread "Finalizer" daemon [_thread_blocked, id=5064, stack(0x000000000ea30000,0x000000000eb30000)]
  0x000000000d95aa10 JavaThread "Signal Dispatcher" daemon [_thread_blocked, id=3488, stack(0x000000000ecb0000,0x000000000edb0000)]
  0x000000000d95b590 JavaThread "Attach Listener" daemon [_thread_blocked, id=1176, stack(0x000000000eb50000,0x000000000ec50000)]
  0x000000000d95de50 JavaThread "Service Thread" daemon [_thread_blocked, id=3336, stack(0x000000000e820000,0x000000000e920000)]
  0x000000000d95fb50 JavaThread "Monitor Deflation Thread" daemon [_thread_blocked, id=3320, stack(0x000000001e050000,0x000000001e150000)]
=>0x000000000d9627f0 JavaThread "C2 CompilerThread0" daemon [_thread_in_native, id=3340, stack(0x000000000ee50000,0x000000000ef50000)]
  0x000000000d9641e0 JavaThread "C1 CompilerThread0" daemon [_thread_blocked, id=2612, stack(0x000000001e290000,0x000000001e390000)]
  0x000000000d96f6f0 JavaThread "Sweeper thread" daemon [_thread_blocked, id=3004, stack(0x000000001e150000,0x000000001e250000)]
  0x000000001e3e13d0 JavaThread "Common-Cleaner" daemon [_thread_blocked, id=3016, stack(0x000000001e870000,0x000000001e970000)]
  0x000000001e3ebed0 JavaThread "Notification Thread" daemon [_thread_blocked, id=4972, stack(0x000000001eb00000,0x000000001ec00000)]
  0x0000000026cb6e80 JavaThread "Daemon health stats" [_thread_blocked, id=3712, stack(0x0000000028e00000,0x0000000028f00000)]
  0x00000000278e4e30 JavaThread "Incoming local TCP Connector on port 50479" [_thread_in_native, id=2896, stack(0x0000000029230000,0x0000000029330000)]
  0x0000000027516070 JavaThread "Daemon periodic checks" [_thread_blocked, id=2060, stack(0x00000000293d0000,0x00000000294d0000)]
  0x0000000026d8a110 JavaThread "Daemon" [_thread_blocked, id=3360, stack(0x00000000295b0000,0x00000000296b0000)]
  0x0000000026e42080 JavaThread "Handler for socket connection from /127.0.0.1:50479 to /127.0.0.1:50480" [_thread_in_native, id=4412, stack(0x00000000290d0000,0x00000000291d0000)]
  0x0000000026e45ae0 JavaThread "Cancel handler" [_thread_blocked, id=4204, stack(0x000000002a000000,0x000000002a100000)]
  0x00000000278bb1e0 JavaThread "Daemon worker" [_thread_in_native, id=4128, stack(0x000000002a1a0000,0x000000002a2a0000)]
  0x000000001e7308a0 JavaThread "Asynchronous log dispatcher for DefaultDaemonConnection: socket connection from /127.0.0.1:50479 to /127.0.0.1:50480" [_thread_blocked, id=5032, stack(0x000000002a310000,0x000000002a410000)]
  0x000000001e730d70 JavaThread "Stdin handler" [_thread_blocked, id=4816, stack(0x000000002a420000,0x000000002a520000)]
  0x000000001e731240 JavaThread "Daemon client event forwarder" [_thread_blocked, id=1768, stack(0x000000002a5d0000,0x000000002a6d0000)]
  0x000000001e731710 JavaThread "Cache worker for journal cache (C:\Users\–í–û–í–ê\.gradle\caches\journal-1)" [_thread_blocked, id=4432, stack(0x000000002a6d0000,0x000000002a7d0000)]
  0x000000001e731be0 JavaThread "File lock request listener" [_thread_in_native, id=1108, stack(0x000000002a950000,0x000000002aa50000)]
  0x000000001e7320b0 JavaThread "Cache worker for file hash cache (C:\Users\–í–û–í–ê\.gradle\caches\7.2\fileHashes)" [_thread_blocked, id=1724, stack(0x000000002ab00000,0x000000002ac00000)]
  0x000000001e732a50 JavaThread "Cache worker for file hash cache (D:\java\Java Core\Homework 4\gradleTest\.gradle\7.2\fileHashes)" [_thread_blocked, id=984, stack(0x000000002bc20000,0x000000002bd20000)]
  0x000000001e732f20 JavaThread "jar transforms" [_thread_blocked, id=3952, stack(0x000000002bd80000,0x000000002be80000)]
  0x000000001e7333f0 JavaThread "jar transforms Thread 2" [_thread_blocked, id=1536, stack(0x000000002a840000,0x000000002a940000)]
  0x000000001e7338c0 JavaThread "Cache worker for checksums cache (D:\java\Java Core\Homework 4\gradleTest\.gradle\checksums)" [_thread_blocked, id=1504, stack(0x00000000296d0000,0x00000000297d0000)]
  0x000000001e733d90 JavaThread "Cache worker for cache directory md-supplier (C:\Users\–í–û–í–ê\.gradle\caches\7.2\md-supplier)" [_thread_blocked, id=2696, stack(0x000000002bea0000,0x000000002bfa0000)]
  0x0000000028cea1a0 JavaThread "Cache worker for cache directory md-rule (C:\Users\–í–û–í–ê\.gradle\caches\7.2\md-rule)" [_thread_blocked, id=1252, stack(0x000000002c060000,0x000000002c160000)]
  0x0000000028cea670 JavaThread "Cache worker for execution history cache (C:\Users\–í–û–í–ê\.gradle\caches\7.2\executionHistory)" [_thread_blocked, id=2656, stack(0x000000002dcf0000,0x000000002ddf0000)]
  0x0000000028ceb010 JavaThread "Cache worker for file content cache (C:\Users\–í–û–í–ê\.gradle\caches\7.2\fileContent)" [_thread_blocked, id=4500, stack(0x000000002c200000,0x000000002c300000)]
  0x0000000028cebe80 JavaThread "Cache worker for dependencies-accessors (D:\java\Java Core\Homework 4\gradleTest\.gradle\7.2\dependencies-accessors)" [_thread_blocked, id=2120, stack(0x000000002f140000,0x000000002f240000)]
  0x0000000028cec350 JavaThread "Cache worker for Build Output Cleanup Cache (D:\java\Java Core\Homework 4\gradleTest\.gradle\buildOutputCleanup)" [_thread_blocked, id=4584, stack(0x000000002f000000,0x000000002f100000)]
  0x0000000028cec820 JavaThread "Memory manager" [_thread_blocked, id=1792, stack(0x000000002f3e0000,0x000000002f4e0000)]
  0x0000000028ced1c0 JavaThread "Cache worker for execution history cache (D:\java\Java Core\Homework 4\gradleTest\.gradle\7.2\executionHistory)" [_thread_blocked, id=5004, stack(0x000000002f530000,0x000000002f630000)]

Other Threads:
  0x000000000d940550 VMThread "VM Thread" [stack: 0x000000000e930000,0x000000000ea30000] [id=4792]
  0x000000001e3ec7d0 WatcherThread [stack: 0x000000001ecf0000,0x000000001edf0000] [id=1092]
  0x00000000004f1f10 GCTaskThread "GC Thread#0" [stack: 0x000000000b310000,0x000000000b410000] [id=4600]
  0x000000001e645780 GCTaskThread "GC Thread#1" [stack: 0x0000000026520000,0x0000000026620000] [id=2904]
  0x00000000004f8560 ConcurrentGCThread "G1 Main Marker" [stack: 0x000000000b450000,0x000000000b550000] [id=4608]
  0x00000000004f8e80 ConcurrentGCThread "G1 Conc#0" [stack: 0x000000000b550000,0x000000000b650000] [id=4872]
  0x000000000054f7d0 ConcurrentGCThread "G1 Refine#0" [stack: 0x000000000d9f0000,0x000000000daf0000] [id=5068]
  0x0000000026b2e8e0 ConcurrentGCThread "G1 Refine#1" [stack: 0x000000002deb0000,0x000000002dfb0000] [id=4980]
  0x000000000d8e33e0 ConcurrentGCThread "G1 Service" [stack: 0x000000000dc30000,0x000000000dd30000] [id=2072]

Threads with active compile tasks:
C2 CompilerThread0    30324 6191       4       java.net.URLClassLoader$1::run (5 bytes)

VM state: not at safepoint (normal execution)

VM Mutex/Monitor currently owned by a thread: None

Heap address: 0x00000000e0000000, size: 512 MB, Compressed Oops mode: 32-bit

CDS archive(s) mapped at: [0x0000000800000000-0x0000000800bc0000-0x0000000800bc0000), size 12320768, SharedBaseAddress: 0x0000000800000000, ArchiveRelocationMode: 0.
Compressed class space mapped at: 0x0000000800c00000-0x000000080dc00000, reserved size: 218103808
Narrow klass base: 0x0000000800000000, Narrow klass shift: 0, Narrow klass range: 0x100000000

GC Precious Log:
 CPUs: 2 total, 2 available
 Memory: 3962M
 Large Page Support: Disabled
 NUMA Support: Disabled
 Compressed Oops: Enabled (32-bit)
 Heap Region Size: 1M
 Heap Min Capacity: 256M
 Heap Initial Capacity: 256M
 Heap Max Capacity: 512M
 Pre-touch: Disabled
 Parallel Workers: 2
 Concurrent Workers: 1
 Concurrent Refinement Workers: 2
 Periodic GC: Disabled

Heap:
 garbage-first heap   total 262144K, used 143914K [0x00000000e0000000, 0x0000000100000000)
  region size 1024K, 58 young (59392K), 14 survivors (14336K)
 Metaspace       used 50562K, committed 51264K, reserved 262144K
  class space    used 7026K, committed 7360K, reserved 212992K

Heap Regions: E=young(eden), S=young(survivor), O=old, HS=humongous(starts), HC=humongous(continues), CS=collection set, F=free, OA=open archive, CA=closed archive, TAMS=top-at-mark-start (previous, next)
|   0|0x00000000e0000000, 0x00000000e0100000, 0x00000000e0100000|100%|HS|  |TAMS 0x00000000e0100000, 0x00000000e0000000| Complete 
|   1|0x00000000e0100000, 0x00000000e0200000, 0x00000000e0200000|100%|HC|  |TAMS 0x00000000e0200000, 0x00000000e0100000| Complete 
|   2|0x00000000e0200000, 0x00000000e0300000, 0x00000000e0300000|100%|HC|  |TAMS 0x00000000e0300000, 0x00000000e0200000| Complete 
|   3|0x00000000e0300000, 0x00000000e0400000, 0x00000000e0400000|100%| O|  |TAMS 0x00000000e0400000, 0x00000000e0300000| Untracked 
|   4|0x00000000e0400000, 0x00000000e0500000, 0x00000000e0500000|100%|HS|  |TAMS 0x00000000e0400000, 0x00000000e0400000| Complete 
|   5|0x00000000e0500000, 0x00000000e0600000, 0x00000000e0600000|100%| O|  |TAMS 0x00000000e0600000, 0x00000000e0500000| Untracked 
|   6|0x00000000e0600000, 0x00000000e0700000, 0x00000000e0700000|100%| O|  |TAMS 0x00000000e0700000, 0x00000000e0600000| Untracked 
|   7|0x00000000e0700000, 0x00000000e0800000, 0x00000000e0800000|100%| O|  |TAMS 0x00000000e0800000, 0x00000000e0700000| Untracked 
|   8|0x00000000e0800000, 0x00000000e0900000, 0x00000000e0900000|100%| O|  |TAMS 0x00000000e0900000, 0x00000000e0800000| Untracked 
|   9|0x00000000e0900000, 0x00000000e0a00000, 0x00000000e0a00000|100%| O|  |TAMS 0x00000000e0a00000, 0x00000000e0900000| Untracked 
|  10|0x00000000e0a00000, 0x00000000e0b00000, 0x00000000e0b00000|100%| O|  |TAMS 0x00000000e0b00000, 0x00000000e0a00000| Untracked 
|  11|0x00000000e0b00000, 0x00000000e0c00000, 0x00000000e0c00000|100%|HS|  |TAMS 0x00000000e0c00000, 0x00000000e0b00000| Complete 
|  12|0x00000000e0c00000, 0x00000000e0d00000, 0x00000000e0d00000|100%|HC|  |TAMS 0x00000000e0d00000, 0x00000000e0c00000| Complete 
|  13|0x00000000e0d00000, 0x00000000e0e00000, 0x00000000e0e00000|100%|HS|  |TAMS 0x00000000e0e00000, 0x00000000e0d00000| Complete 
|  14|0x00000000e0e00000, 0x00000000e0f00000, 0x00000000e0f00000|100%|HC|  |TAMS 0x00000000e0f00000, 0x00000000e0e00000| Complete 
|  15|0x00000000e0f00000, 0x00000000e1000000, 0x00000000e1000000|100%|HC|  |TAMS 0x00000000e1000000, 0x00000000e0f00000| Complete 
|  16|0x00000000e1000000, 0x00000000e1100000, 0x00000000e1100000|100%|HS|  |TAMS 0x00000000e1100000, 0x00000000e1000000| Complete 
|  17|0x00000000e1100000, 0x00000000e1200000, 0x00000000e1200000|100%|HC|  |TAMS 0x00000000e1200000, 0x00000000e1100000| Complete 
|  18|0x00000000e1200000, 0x00000000e1300000, 0x00000000e1300000|100%|HC|  |TAMS 0x00000000e1300000, 0x00000000e1200000| Complete 
|  19|0x00000000e1300000, 0x00000000e1400000, 0x00000000e1400000|100%|HS|  |TAMS 0x00000000e1400000, 0x00000000e1300000| Complete 
|  20|0x00000000e1400000, 0x00000000e1500000, 0x00000000e1500000|100%|HC|  |TAMS 0x00000000e1500000, 0x00000000e1400000| Complete 
|  21|0x00000000e1500000, 0x00000000e1600000, 0x00000000e1600000|100%|HC|  |TAMS 0x00000000e1600000, 0x00000000e1500000| Complete 
|  22|0x00000000e1600000, 0x00000000e1700000, 0x00000000e1700000|100%|HC|  |TAMS 0x00000000e1700000, 0x00000000e1600000| Complete 
|  23|0x00000000e1700000, 0x00000000e1800000, 0x00000000e1800000|100%|HS|  |TAMS 0x00000000e1800000, 0x00000000e1700000| Complete 
|  24|0x00000000e1800000, 0x00000000e1900000, 0x00000000e1900000|100%|HC|  |TAMS 0x00000000e1900000, 0x00000000e1800000| Complete 
|  25|0x00000000e1900000, 0x00000000e1a00000, 0x00000000e1a00000|100%|HC|  |TAMS 0x00000000e1a00000, 0x00000000e1900000| Complete 
|  26|0x00000000e1a00000, 0x00000000e1b00000, 0x00000000e1b00000|100%|HC|  |TAMS 0x00000000e1b00000, 0x00000000e1a00000| Complete 
|  27|0x00000000e1b00000, 0x00000000e1c00000, 0x00000000e1c00000|100%|HC|  |TAMS 0x00000000e1c00000, 0x00000000e1b00000| Complete 
|  28|0x00000000e1c00000, 0x00000000e1d00000, 0x00000000e1d00000|100%| O|  |TAMS 0x00000000e1d00000, 0x00000000e1c00000| Untracked 
|  29|0x00000000e1d00000, 0x00000000e1e00000, 0x00000000e1e00000|100%| O|  |TAMS 0x00000000e1e00000, 0x00000000e1d00000| Untracked 
|  30|0x00000000e1e00000, 0x00000000e1f00000, 0x00000000e1f00000|100%| O|  |TAMS 0x00000000e1f00000, 0x00000000e1e00000| Untracked 
|  31|0x00000000e1f00000, 0x00000000e2000000, 0x00000000e2000000|100%| O|  |TAMS 0x00000000e2000000, 0x00000000e1f00000| Untracked 
|  32|0x00000000e2000000, 0x00000000e2100000, 0x00000000e2100000|100%| O|  |TAMS 0x00000000e2100000, 0x00000000e2000000| Untracked 
|  33|0x00000000e2100000, 0x00000000e2200000, 0x00000000e2200000|100%| O|  |TAMS 0x00000000e2200000, 0x00000000e2100000| Untracked 
|  34|0x00000000e2200000, 0x00000000e2300000, 0x00000000e2300000|100%| O|  |TAMS 0x00000000e2300000, 0x00000000e2200000| Untracked 
|  35|0x00000000e2300000, 0x00000000e2400000, 0x00000000e2400000|100%| O|  |TAMS 0x00000000e2400000, 0x00000000e2300000| Untracked 
|  36|0x00000000e2400000, 0x00000000e2500000, 0x00000000e2500000|100%| O|  |TAMS 0x00000000e2500000, 0x00000000e2400000| Untracked 
|  37|0x00000000e2500000, 0x00000000e2600000, 0x00000000e2600000|100%| O|  |TAMS 0x00000000e2600000, 0x00000000e2500000| Untracked 
|  38|0x00000000e2600000, 0x00000000e2700000, 0x00000000e2700000|100%| O|  |TAMS 0x00000000e2700000, 0x00000000e2600000| Untracked 
|  39|0x00000000e2700000, 0x00000000e2800000, 0x00000000e2800000|100%| O|  |TAMS 0x00000000e2800000, 0x00000000e2700000| Untracked 
|  40|0x00000000e2800000, 0x00000000e2900000, 0x00000000e2900000|100%| O|  |TAMS 0x00000000e2900000, 0x00000000e2800000| Untracked 
|  41|0x00000000e2900000, 0x00000000e2a00000, 0x00000000e2a00000|100%|HS|  |TAMS 0x00000000e2a00000, 0x00000000e2900000| Complete 
|  42|0x00000000e2a00000, 0x00000000e2b00000, 0x00000000e2b00000|100%|HC|  |TAMS 0x00000000e2b00000, 0x00000000e2a00000| Complete 
|  43|0x00000000e2b00000, 0x00000000e2b8aa00, 0x00000000e2c00000| 54%| O|  |TAMS 0x00000000e2b00000, 0x00000000e2b00000| Untracked 
|  44|0x00000000e2c00000, 0x00000000e2d00000, 0x00000000e2d00000|100%| O|  |TAMS 0x00000000e2d00000, 0x00000000e2c00000| Untracked 
|  45|0x00000000e2d00000, 0x00000000e2e00000, 0x00000000e2e00000|100%| O|  |TAMS 0x00000000e2e00000, 0x00000000e2d00000| Untracked 
|  46|0x00000000e2e00000, 0x00000000e2f00000, 0x00000000e2f00000|100%| O|  |TAMS 0x00000000e2f00000, 0x00000000e2e00000| Untracked 
|  47|0x00000000e2f00000, 0x00000000e3000000, 0x00000000e3000000|100%| O|  |TAMS 0x00000000e3000000, 0x00000000e2f00000| Untracked 
|  48|0x00000000e3000000, 0x00000000e3100000, 0x00000000e3100000|100%| O|  |TAMS 0x00000000e3100000, 0x00000000e3000000| Untracked 
|  49|0x00000000e3100000, 0x00000000e3200000, 0x00000000e3200000|100%|HS|  |TAMS 0x00000000e3200000, 0x00000000e3100000| Complete 
|  50|0x00000000e3200000, 0x00000000e3300000, 0x00000000e3300000|100%|HC|  |TAMS 0x00000000e3300000, 0x00000000e3200000| Complete 
|  51|0x00000000e3300000, 0x00000000e3400000, 0x00000000e3400000|100%|HC|  |TAMS 0x00000000e3400000, 0x00000000e3300000| Complete 
|  52|0x00000000e3400000, 0x00000000e3500000, 0x00000000e3500000|100%|HC|  |TAMS 0x00000000e3500000, 0x00000000e3400000| Complete 
|  53|0x00000000e3500000, 0x00000000e3600000, 0x00000000e3600000|100%|HS|  |TAMS 0x00000000e3600000, 0x00000000e3500000| Complete 
|  54|0x00000000e3600000, 0x00000000e3700000, 0x00000000e3700000|100%|HC|  |TAMS 0x00000000e3700000, 0x00000000e3600000| Complete 
|  55|0x00000000e3700000, 0x00000000e3800000, 0x00000000e3800000|100%|HC|  |TAMS 0x00000000e3800000, 0x00000000e3700000| Complete 
|  56|0x00000000e3800000, 0x00000000e3900000, 0x00000000e3900000|100%|HS|  |TAMS 0x00000000e3900000, 0x00000000e3800000| Complete 
|  57|0x00000000e3900000, 0x00000000e3a00000, 0x00000000e3a00000|100%|HC|  |TAMS 0x00000000e3a00000, 0x00000000e3900000| Complete 
|  58|0x00000000e3a00000, 0x00000000e3b00000, 0x00000000e3b00000|100%|HC|  |TAMS 0x00000000e3b00000, 0x00000000e3a00000| Complete 
|  59|0x00000000e3b00000, 0x00000000e3c00000, 0x00000000e3c00000|100%|HS|  |TAMS 0x00000000e3b00000, 0x00000000e3b00000| Complete 
|  60|0x00000000e3c00000, 0x00000000e3d00000, 0x00000000e3d00000|100%|HC|  |TAMS 0x00000000e3c00000, 0x00000000e3c00000| Complete 
|  61|0x00000000e3d00000, 0x00000000e3e00000, 0x00000000e3e00000|100%|HC|  |TAMS 0x00000000e3d00000, 0x00000000e3d00000| Complete 
|  62|0x00000000e3e00000, 0x00000000e3f00000, 0x00000000e3f00000|100%|HC|  |TAMS 0x00000000e3e00000, 0x00000000e3e00000| Complete 
|  63|0x00000000e3f00000, 0x00000000e4000000, 0x00000000e4000000|100%|HC|  |TAMS 0x00000000e3f00000, 0x00000000e3f00000| Complete 
|  64|0x00000000e4000000, 0x00000000e4100000, 0x00000000e4100000|100%|HS|  |TAMS 0x00000000e4000000, 0x00000000e4000000| Complete 
|  65|0x00000000e4100000, 0x00000000e4200000, 0x00000000e4200000|100%|HS|  |TAMS 0x00000000e4100000, 0x00000000e4100000| Complete 
|  66|0x00000000e4200000, 0x00000000e4300000, 0x00000000e4300000|100%|HC|  |TAMS 0x00000000e4200000, 0x00000000e4200000| Complete 
|  67|0x00000000e4300000, 0x00000000e4400000, 0x00000000e4400000|100%|HS|  |TAMS 0x00000000e4300000, 0x00000000e4300000| Complete 
|  68|0x00000000e4400000, 0x00000000e4500000, 0x00000000e4500000|100%|HC|  |TAMS 0x00000000e4400000, 0x00000000e4400000| Complete 
|  69|0x00000000e4500000, 0x00000000e4600000, 0x00000000e4600000|100%|HC|  |TAMS 0x00000000e4500000, 0x00000000e4500000| Complete 
|  70|0x00000000e4600000, 0x00000000e4700000, 0x00000000e4700000|100%|HS|  |TAMS 0x00000000e4600000, 0x00000000e4600000| Complete 
|  71|0x00000000e4700000, 0x00000000e4800000, 0x00000000e4800000|100%|HC|  |TAMS 0x00000000e4700000, 0x00000000e4700000| Complete 
|  72|0x00000000e4800000, 0x00000000e4900000, 0x00000000e4900000|100%|HC|  |TAMS 0x00000000e4800000, 0x00000000e4800000| Complete 
|  73|0x00000000e4900000, 0x00000000e4a00000, 0x00000000e4a00000|100%|HS|  |TAMS 0x00000000e4900000, 0x00000000e4900000| Complete 
|  74|0x00000000e4a00000, 0x00000000e4b00000, 0x00000000e4b00000|100%|HC|  |TAMS 0x00000000e4a00000, 0x00000000e4a00000| Complete 
|  75|0x00000000e4b00000, 0x00000000e4c00000, 0x00000000e4c00000|100%|HC|  |TAMS 0x00000000e4b00000, 0x00000000e4b00000| Complete 
|  76|0x00000000e4c00000, 0x00000000e4d00000, 0x00000000e4d00000|100%|HC|  |TAMS 0x00000000e4c00000, 0x00000000e4c00000| Complete 
|  77|0x00000000e4d00000, 0x00000000e4e00000, 0x00000000e4e00000|100%|HS|  |TAMS 0x00000000e4d00000, 0x00000000e4d00000| Complete 
|  78|0x00000000e4e00000, 0x00000000e4f00000, 0x00000000e4f00000|100%|HC|  |TAMS 0x00000000e4e00000, 0x00000000e4e00000| Complete 
|  79|0x00000000e4f00000, 0x00000000e5000000, 0x00000000e5000000|100%|HC|  |TAMS 0x00000000e4f00000, 0x00000000e4f00000| Complete 
|  80|0x00000000e5000000, 0x00000000e5100000, 0x00000000e5100000|100%|HC|  |TAMS 0x00000000e5000000, 0x00000000e5000000| Complete 
|  81|0x00000000e5100000, 0x00000000e5200000, 0x00000000e5200000|100%|HC|  |TAMS 0x00000000e5100000, 0x00000000e5100000| Complete 
|  82|0x00000000e5200000, 0x00000000e5300000, 0x00000000e5300000|100%|HS|  |TAMS 0x00000000e5200000, 0x00000000e5200000| Complete 
|  83|0x00000000e5300000, 0x00000000e5400000, 0x00000000e5400000|100%|HS|  |TAMS 0x00000000e5300000, 0x00000000e5300000| Complete 
|  84|0x00000000e5400000, 0x00000000e5400000, 0x00000000e5500000|  0%| F|  |TAMS 0x00000000e5400000, 0x00000000e5400000| Untracked 
|  85|0x00000000e5500000, 0x00000000e5500000, 0x00000000e5600000|  0%| F|  |TAMS 0x00000000e5500000, 0x00000000e5500000| Untracked 
|  86|0x00000000e5600000, 0x00000000e5600000, 0x00000000e5700000|  0%| F|  |TAMS 0x00000000e5600000, 0x00000000e5600000| Untracked 
|  87|0x00000000e5700000, 0x00000000e5700000, 0x00000000e5800000|  0%| F|  |TAMS 0x00000000e5700000, 0x00000000e5700000| Untracked 
|  88|0x00000000e5800000, 0x00000000e5800000, 0x00000000e5900000|  0%| F|  |TAMS 0x00000000e5800000, 0x00000000e5800000| Untracked 
|  89|0x00000000e5900000, 0x00000000e5900000, 0x00000000e5a00000|  0%| F|  |TAMS 0x00000000e5900000, 0x00000000e5900000| Untracked 
|  90|0x00000000e5a00000, 0x00000000e5a00000, 0x00000000e5b00000|  0%| F|  |TAMS 0x00000000e5a00000, 0x00000000e5a00000| Untracked 
|  91|0x00000000e5b00000, 0x00000000e5b00000, 0x00000000e5c00000|  0%| F|  |TAMS 0x00000000e5b00000, 0x00000000e5b00000| Untracked 
|  92|0x00000000e5c00000, 0x00000000e5c00000, 0x00000000e5d00000|  0%| F|  |TAMS 0x00000000e5c00000, 0x00000000e5c00000| Untracked 
|  93|0x00000000e5d00000, 0x00000000e5d00000, 0x00000000e5e00000|  0%| F|  |TAMS 0x00000000e5d00000, 0x00000000e5d00000| Untracked 
|  94|0x00000000e5e00000, 0x00000000e5e00000, 0x00000000e5f00000|  0%| F|  |TAMS 0x00000000e5e00000, 0x00000000e5e00000| Untracked 
|  95|0x00000000e5f00000, 0x00000000e5f00000, 0x00000000e6000000|  0%| F|  |TAMS 0x00000000e5f00000, 0x00000000e5f00000| Untracked 
|  96|0x00000000e6000000, 0x00000000e6000000, 0x00000000e6100000|  0%| F|  |TAMS 0x00000000e6000000, 0x00000000e6000000| Untracked 
|  97|0x00000000e6100000, 0x00000000e6100000, 0x00000000e6200000|  0%| F|  |TAMS 0x00000000e6100000, 0x00000000e6100000| Untracked 
|  98|0x00000000e6200000, 0x00000000e6200000, 0x00000000e6300000|  0%| F|  |TAMS 0x00000000e6200000, 0x00000000e6200000| Untracked 
|  99|0x00000000e6300000, 0x00000000e6300000, 0x00000000e6400000|  0%| F|  |TAMS 0x00000000e6300000, 0x00000000e6300000| Untracked 
| 100|0x00000000e6400000, 0x00000000e6400000, 0x00000000e6500000|  0%| F|  |TAMS 0x00000000e6400000, 0x00000000e6400000| Untracked 
| 101|0x00000000e6500000, 0x00000000e6500000, 0x00000000e6600000|  0%| F|  |TAMS 0x00000000e6500000, 0x00000000e6500000| Untracked 
| 102|0x00000000e6600000, 0x00000000e6600000, 0x00000000e6700000|  0%| F|  |TAMS 0x00000000e6600000, 0x00000000e6600000| Untracked 
| 103|0x00000000e6700000, 0x00000000e6700000, 0x00000000e6800000|  0%| F|  |TAMS 0x00000000e6700000, 0x00000000e6700000| Untracked 
| 104|0x00000000e6800000, 0x00000000e6800000, 0x00000000e6900000|  0%| F|  |TAMS 0x00000000e6800000, 0x00000000e6800000| Untracked 
| 105|0x00000000e6900000, 0x00000000e6900000, 0x00000000e6a00000|  0%| F|  |TAMS 0x00000000e6900000, 0x00000000e6900000| Untracked 
| 106|0x00000000e6a00000, 0x00000000e6a00000, 0x00000000e6b00000|  0%| F|  |TAMS 0x00000000e6a00000, 0x00000000e6a00000| Untracked 
| 107|0x00000000e6b00000, 0x00000000e6b00000, 0x00000000e6c00000|  0%| F|  |TAMS 0x00000000e6b00000, 0x00000000e6b00000| Untracked 
| 108|0x00000000e6c00000, 0x00000000e6c00000, 0x00000000e6d00000|  0%| F|  |TAMS 0x00000000e6c00000, 0x00000000e6c00000| Untracked 
| 109|0x00000000e6d00000, 0x00000000e6d00000, 0x00000000e6e00000|  0%| F|  |TAMS 0x00000000e6d00000, 0x00000000e6d00000| Untracked 
| 110|0x00000000e6e00000, 0x00000000e6e00000, 0x00000000e6f00000|  0%| F|  |TAMS 0x00000000e6e00000, 0x00000000e6e00000| Untracked 
| 111|0x00000000e6f00000, 0x00000000e6f00000, 0x00000000e7000000|  0%| F|  |TAMS 0x00000000e6f00000, 0x00000000e6f00000| Untracked 
| 112|0x00000000e7000000, 0x00000000e7000000, 0x00000000e7100000|  0%| F|  |TAMS 0x00000000e7000000, 0x00000000e7000000| Untracked 
| 113|0x00000000e7100000, 0x00000000e7100000, 0x00000000e7200000|  0%| F|  |TAMS 0x00000000e7100000, 0x00000000e7100000| Untracked 
| 114|0x00000000e7200000, 0x00000000e7200000, 0x00000000e7300000|  0%| F|  |TAMS 0x00000000e7200000, 0x00000000e7200000| Untracked 
| 115|0x00000000e7300000, 0x00000000e7300000, 0x00000000e7400000|  0%| F|  |TAMS 0x00000000e7300000, 0x00000000e7300000| Untracked 
| 116|0x00000000e7400000, 0x00000000e7400000, 0x00000000e7500000|  0%| F|  |TAMS 0x00000000e7400000, 0x00000000e7400000| Untracked 
| 117|0x00000000e7500000, 0x00000000e7500000, 0x00000000e7600000|  0%| F|  |TAMS 0x00000000e7500000, 0x00000000e7500000| Untracked 
| 118|0x00000000e7600000, 0x00000000e7600000, 0x00000000e7700000|  0%| F|  |TAMS 0x00000000e7600000, 0x00000000e7600000| Untracked 
| 119|0x00000000e7700000, 0x00000000e7700000, 0x00000000e7800000|  0%| F|  |TAMS 0x00000000e7700000, 0x00000000e7700000| Untracked 
| 120|0x00000000e7800000, 0x00000000e7800000, 0x00000000e7900000|  0%| F|  |TAMS 0x00000000e7800000, 0x00000000e7800000| Untracked 
| 121|0x00000000e7900000, 0x00000000e7900000, 0x00000000e7a00000|  0%| F|  |TAMS 0x00000000e7900000, 0x00000000e7900000| Untracked 
| 122|0x00000000e7a00000, 0x00000000e7a00000, 0x00000000e7b00000|  0%| F|  |TAMS 0x00000000e7a00000, 0x00000000e7a00000| Untracked 
| 123|0x00000000e7b00000, 0x00000000e7b00000, 0x00000000e7c00000|  0%| F|  |TAMS 0x00000000e7b00000, 0x00000000e7b00000| Untracked 
| 124|0x00000000e7c00000, 0x00000000e7c00000, 0x00000000e7d00000|  0%| F|  |TAMS 0x00000000e7c00000, 0x00000000e7c00000| Untracked 
| 125|0x00000000e7d00000, 0x00000000e7d00000, 0x00000000e7e00000|  0%| F|  |TAMS 0x00000000e7d00000, 0x00000000e7d00000| Untracked 
| 126|0x00000000e7e00000, 0x00000000e7e00000, 0x00000000e7f00000|  0%| F|  |TAMS 0x00000000e7e00000, 0x00000000e7e00000| Untracked 
| 127|0x00000000e7f00000, 0x00000000e7f00000, 0x00000000e8000000|  0%| F|  |TAMS 0x00000000e7f00000, 0x00000000e7f00000| Untracked 
| 128|0x00000000e8000000, 0x00000000e8000000, 0x00000000e8100000|  0%| F|  |TAMS 0x00000000e8000000, 0x00000000e8000000| Untracked 
| 129|0x00000000e8100000, 0x00000000e8100000, 0x00000000e8200000|  0%| F|  |TAMS 0x00000000e8100000, 0x00000000e8100000| Untracked 
| 130|0x00000000e8200000, 0x00000000e8300000, 0x00000000e8300000|100%| S|CS|TAMS 0x00000000e8200000, 0x00000000e8200000| Complete 
| 131|0x00000000e8300000, 0x00000000e8400000, 0x00000000e8400000|100%| S|CS|TAMS 0x00000000e8300000, 0x00000000e8300000| Complete 
| 132|0x00000000e8400000, 0x00000000e8500000, 0x00000000e8500000|100%| S|CS|TAMS 0x00000000e8400000, 0x00000000e8400000| Complete 
| 133|0x00000000e8500000, 0x00000000e8600000, 0x00000000e8600000|100%| S|CS|TAMS 0x00000000e8500000, 0x00000000e8500000| Complete 
| 134|0x00000000e8600000, 0x00000000e8700000, 0x00000000e8700000|100%| S|CS|TAMS 0x00000000e8600000, 0x00000000e8600000| Complete 
| 135|0x00000000e8700000, 0x00000000e8800000, 0x00000000e8800000|100%| S|CS|TAMS 0x00000000e8700000, 0x00000000e8700000| Complete 
| 136|0x00000000e8800000, 0x00000000e8900000, 0x00000000e8900000|100%| S|CS|TAMS 0x00000000e8800000, 0x00000000e8800000| Complete 
| 137|0x00000000e8900000, 0x00000000e8a00000, 0x00000000e8a00000|100%| S|CS|TAMS 0x00000000e8900000, 0x00000000e8900000| Complete 
| 138|0x00000000e8a00000, 0x00000000e8b00000, 0x00000000e8b00000|100%| S|CS|TAMS 0x00000000e8a00000, 0x00000000e8a00000| Complete 
| 139|0x00000000e8b00000, 0x00000000e8c00000, 0x00000000e8c00000|100%| S|CS|TAMS 0x00000000e8b00000, 0x00000000e8b00000| Complete 
| 140|0x00000000e8c00000, 0x00000000e8d00000, 0x00000000e8d00000|100%| S|CS|TAMS 0x00000000e8c00000, 0x00000000e8c00000| Complete 
| 141|0x00000000e8d00000, 0x00000000e8e00000, 0x00000000e8e00000|100%| S|CS|TAMS 0x00000000e8d00000, 0x00000000e8d00000| Complete 
| 142|0x00000000e8e00000, 0x00000000e8f00000, 0x00000000e8f00000|100%| S|CS|TAMS 0x00000000e8e00000, 0x00000000e8e00000| Complete 
| 143|0x00000000e8f00000, 0x00000000e9000000, 0x00000000e9000000|100%| S|CS|TAMS 0x00000000e8f00000, 0x00000000e8f00000| Complete 
| 144|0x00000000e9000000, 0x00000000e9000000, 0x00000000e9100000|  0%| F|  |TAMS 0x00000000e9000000, 0x00000000e9000000| Untracked 
| 145|0x00000000e9100000, 0x00000000e9100000, 0x00000000e9200000|  0%| F|  |TAMS 0x00000000e9100000, 0x00000000e9100000| Untracked 
| 146|0x00000000e9200000, 0x00000000e9200000, 0x00000000e9300000|  0%| F|  |TAMS 0x00000000e9200000, 0x00000000e9200000| Untracked 
| 147|0x00000000e9300000, 0x00000000e9300000, 0x00000000e9400000|  0%| F|  |TAMS 0x00000000e9300000, 0x00000000e9300000| Untracked 
| 148|0x00000000e9400000, 0x00000000e9400000, 0x00000000e9500000|  0%| F|  |TAMS 0x00000000e9400000, 0x00000000e9400000| Untracked 
| 149|0x00000000e9500000, 0x00000000e9500000, 0x00000000e9600000|  0%| F|  |TAMS 0x00000000e9500000, 0x00000000e9500000| Untracked 
| 150|0x00000000e9600000, 0x00000000e9600000, 0x00000000e9700000|  0%| F|  |TAMS 0x00000000e9600000, 0x00000000e9600000| Untracked 
| 151|0x00000000e9700000, 0x00000000e9700000, 0x00000000e9800000|  0%| F|  |TAMS 0x00000000e9700000, 0x00000000e9700000| Untracked 
| 152|0x00000000e9800000, 0x00000000e9800000, 0x00000000e9900000|  0%| F|  |TAMS 0x00000000e9800000, 0x00000000e9800000| Untracked 
| 153|0x00000000e9900000, 0x00000000e9900000, 0x00000000e9a00000|  0%| F|  |TAMS 0x00000000e9900000, 0x00000000e9900000| Untracked 
| 154|0x00000000e9a00000, 0x00000000e9a00000, 0x00000000e9b00000|  0%| F|  |TAMS 0x00000000e9a00000, 0x00000000e9a00000| Untracked 
| 155|0x00000000e9b00000, 0x00000000e9b00000, 0x00000000e9c00000|  0%| F|  |TAMS 0x00000000e9b00000, 0x00000000e9b00000| Untracked 
| 156|0x00000000e9c00000, 0x00000000e9c00000, 0x00000000e9d00000|  0%| F|  |TAMS 0x00000000e9c00000, 0x00000000e9c00000| Untracked 
| 157|0x00000000e9d00000, 0x00000000e9d00000, 0x00000000e9e00000|  0%| F|  |TAMS 0x00000000e9d00000, 0x00000000e9d00000| Untracked 
| 158|0x00000000e9e00000, 0x00000000e9e00000, 0x00000000e9f00000|  0%| F|  |TAMS 0x00000000e9e00000, 0x00000000e9e00000| Untracked 
| 159|0x00000000e9f00000, 0x00000000e9f00000, 0x00000000ea000000|  0%| F|  |TAMS 0x00000000e9f00000, 0x00000000e9f00000| Untracked 
| 160|0x00000000ea000000, 0x00000000ea000000, 0x00000000ea100000|  0%| F|  |TAMS 0x00000000ea000000, 0x00000000ea000000| Untracked 
| 161|0x00000000ea100000, 0x00000000ea100000, 0x00000000ea200000|  0%| F|  |TAMS 0x00000000ea100000, 0x00000000ea100000| Untracked 
| 162|0x00000000ea200000, 0x00000000ea200000, 0x00000000ea300000|  0%| F|  |TAMS 0x00000000ea200000, 0x00000000ea200000| Untracked 
| 163|0x00000000ea300000, 0x00000000ea300000, 0x00000000ea400000|  0%| F|  |TAMS 0x00000000ea300000, 0x00000000ea300000| Untracked 
| 164|0x00000000ea400000, 0x00000000ea400000, 0x00000000ea500000|  0%| F|  |TAMS 0x00000000ea400000, 0x00000000ea400000| Untracked 
| 165|0x00000000ea500000, 0x00000000ea500000, 0x00000000ea600000|  0%| F|  |TAMS 0x00000000ea500000, 0x00000000ea500000| Untracked 
| 166|0x00000000ea600000, 0x00000000ea600000, 0x00000000ea700000|  0%| F|  |TAMS 0x00000000ea600000, 0x00000000ea600000| Untracked 
| 167|0x00000000ea700000, 0x00000000ea700000, 0x00000000ea800000|  0%| F|  |TAMS 0x00000000ea700000, 0x00000000ea700000| Untracked 
| 168|0x00000000ea800000, 0x00000000ea800000, 0x00000000ea900000|  0%| F|  |TAMS 0x00000000ea800000, 0x00000000ea800000| Untracked 
| 169|0x00000000ea900000, 0x00000000ea900000, 0x00000000eaa00000|  0%| F|  |TAMS 0x00000000ea900000, 0x00000000ea900000| Untracked 
| 170|0x00000000eaa00000, 0x00000000eaa00000, 0x00000000eab00000|  0%| F|  |TAMS 0x00000000eaa00000, 0x00000000eaa00000| Untracked 
| 171|0x00000000eab00000, 0x00000000eab00000, 0x00000000eac00000|  0%| F|  |TAMS 0x00000000eab00000, 0x00000000eab00000| Untracked 
| 172|0x00000000eac00000, 0x00000000eac00000, 0x00000000ead00000|  0%| F|  |TAMS 0x00000000eac00000, 0x00000000eac00000| Untracked 
| 173|0x00000000ead00000, 0x00000000ead00000, 0x00000000eae00000|  0%| F|  |TAMS 0x00000000ead00000, 0x00000000ead00000| Untracked 
| 174|0x00000000eae00000, 0x00000000eae00000, 0x00000000eaf00000|  0%| F|  |TAMS 0x00000000eae00000, 0x00000000eae00000| Untracked 
| 175|0x00000000eaf00000, 0x00000000eaf00000, 0x00000000eb000000|  0%| F|  |TAMS 0x00000000eaf00000, 0x00000000eaf00000| Untracked 
| 176|0x00000000eb000000, 0x00000000eb000000, 0x00000000eb100000|  0%| F|  |TAMS 0x00000000eb000000, 0x00000000eb000000| Untracked 
| 177|0x00000000eb100000, 0x00000000eb100000, 0x00000000eb200000|  0%| F|  |TAMS 0x00000000eb100000, 0x00000000eb100000| Untracked 
| 178|0x00000000eb200000, 0x00000000eb200000, 0x00000000eb300000|  0%| F|  |TAMS 0x00000000eb200000, 0x00000000eb200000| Untracked 
| 179|0x00000000eb300000, 0x00000000eb300000, 0x00000000eb400000|  0%| F|  |TAMS 0x00000000eb300000, 0x00000000eb300000| Untracked 
| 180|0x00000000eb400000, 0x00000000eb400000, 0x00000000eb500000|  0%| F|  |TAMS 0x00000000eb400000, 0x00000000eb400000| Untracked 
| 181|0x00000000eb500000, 0x00000000eb500000, 0x00000000eb600000|  0%| F|  |TAMS 0x00000000eb500000, 0x00000000eb500000| Untracked 
| 182|0x00000000eb600000, 0x00000000eb600000, 0x00000000eb700000|  0%| F|  |TAMS 0x00000000eb600000, 0x00000000eb600000| Untracked 
| 183|0x00000000eb700000, 0x00000000eb700000, 0x00000000eb800000|  0%| F|  |TAMS 0x00000000eb700000, 0x00000000eb700000| Untracked 
| 184|0x00000000eb800000, 0x00000000eb800000, 0x00000000eb900000|  0%| F|  |TAMS 0x00000000eb800000, 0x00000000eb800000| Untracked 
| 185|0x00000000eb900000, 0x00000000eb900000, 0x00000000eba00000|  0%| F|  |TAMS 0x00000000eb900000, 0x00000000eb900000| Untracked 
| 186|0x00000000eba00000, 0x00000000eba00000, 0x00000000ebb00000|  0%| F|  |TAMS 0x00000000eba00000, 0x00000000eba00000| Untracked 
| 187|0x00000000ebb00000, 0x00000000ebb00000, 0x00000000ebc00000|  0%| F|  |TAMS 0x00000000ebb00000, 0x00000000ebb00000| Untracked 
| 188|0x00000000ebc00000, 0x00000000ebc00000, 0x00000000ebd00000|  0%| F|  |TAMS 0x00000000ebc00000, 0x00000000ebc00000| Untracked 
| 189|0x00000000ebd00000, 0x00000000ebd00000, 0x00000000ebe00000|  0%| F|  |TAMS 0x00000000ebd00000, 0x00000000ebd00000| Untracked 
| 190|0x00000000ebe00000, 0x00000000ebe00000, 0x00000000ebf00000|  0%| F|  |TAMS 0x00000000ebe00000, 0x00000000ebe00000| Untracked 
| 191|0x00000000ebf00000, 0x00000000ebf00000, 0x00000000ec000000|  0%| F|  |TAMS 0x00000000ebf00000, 0x00000000ebf00000| Untracked 
| 192|0x00000000ec000000, 0x00000000ec000000, 0x00000000ec100000|  0%| F|  |TAMS 0x00000000ec000000, 0x00000000ec000000| Untracked 
| 193|0x00000000ec100000, 0x00000000ec100000, 0x00000000ec200000|  0%| F|  |TAMS 0x00000000ec100000, 0x00000000ec100000| Untracked 
| 194|0x00000000ec200000, 0x00000000ec200000, 0x00000000ec300000|  0%| F|  |TAMS 0x00000000ec200000, 0x00000000ec200000| Untracked 
| 195|0x00000000ec300000, 0x00000000ec300000, 0x00000000ec400000|  0%| F|  |TAMS 0x00000000ec300000, 0x00000000ec300000| Untracked 
| 196|0x00000000ec400000, 0x00000000ec400000, 0x00000000ec500000|  0%| F|  |TAMS 0x00000000ec400000, 0x00000000ec400000| Untracked 
| 197|0x00000000ec500000, 0x00000000ec500000, 0x00000000ec600000|  0%| F|  |TAMS 0x00000000ec500000, 0x00000000ec500000| Untracked 
| 198|0x00000000ec600000, 0x00000000ec600000, 0x00000000ec700000|  0%| F|  |TAMS 0x00000000ec600000, 0x00000000ec600000| Untracked 
| 199|0x00000000ec700000, 0x00000000ec700000, 0x00000000ec800000|  0%| F|  |TAMS 0x00000000ec700000, 0x00000000ec700000| Untracked 
| 200|0x00000000ec800000, 0x00000000ec800000, 0x00000000ec900000|  0%| F|  |TAMS 0x00000000ec800000, 0x00000000ec800000| Untracked 
| 201|0x00000000ec900000, 0x00000000ec900000, 0x00000000eca00000|  0%| F|  |TAMS 0x00000000ec900000, 0x00000000ec900000| Untracked 
| 202|0x00000000eca00000, 0x00000000eca00000, 0x00000000ecb00000|  0%| F|  |TAMS 0x00000000eca00000, 0x00000000eca00000| Untracked 
| 203|0x00000000ecb00000, 0x00000000ecb00000, 0x00000000ecc00000|  0%| F|  |TAMS 0x00000000ecb00000, 0x00000000ecb00000| Untracked 
| 204|0x00000000ecc00000, 0x00000000ecc00000, 0x00000000ecd00000|  0%| F|  |TAMS 0x00000000ecc00000, 0x00000000ecc00000| Untracked 
| 205|0x00000000ecd00000, 0x00000000ecd00000, 0x00000000ece00000|  0%| F|  |TAMS 0x00000000ecd00000, 0x00000000ecd00000| Untracked 
| 206|0x00000000ece00000, 0x00000000ece00000, 0x00000000ecf00000|  0%| F|  |TAMS 0x00000000ece00000, 0x00000000ece00000| Untracked 
| 207|0x00000000ecf00000, 0x00000000ecf00000, 0x00000000ed000000|  0%| F|  |TAMS 0x00000000ecf00000, 0x00000000ecf00000| Untracked 
| 208|0x00000000ed000000, 0x00000000ed000000, 0x00000000ed100000|  0%| F|  |TAMS 0x00000000ed000000, 0x00000000ed000000| Untracked 
| 209|0x00000000ed100000, 0x00000000ed100000, 0x00000000ed200000|  0%| F|  |TAMS 0x00000000ed100000, 0x00000000ed100000| Untracked 
| 210|0x00000000ed200000, 0x00000000ed200000, 0x00000000ed300000|  0%| F|  |TAMS 0x00000000ed200000, 0x00000000ed200000| Untracked 
| 211|0x00000000ed300000, 0x00000000ed300000, 0x00000000ed400000|  0%| F|  |TAMS 0x00000000ed300000, 0x00000000ed300000| Untracked 
| 212|0x00000000ed400000, 0x00000000ed500000, 0x00000000ed500000|100%| E|  |TAMS 0x00000000ed400000, 0x00000000ed400000| Complete 
| 213|0x00000000ed500000, 0x00000000ed600000, 0x00000000ed600000|100%| E|CS|TAMS 0x00000000ed500000, 0x00000000ed500000| Complete 
| 214|0x00000000ed600000, 0x00000000ed700000, 0x00000000ed700000|100%| E|CS|TAMS 0x00000000ed600000, 0x00000000ed600000| Complete 
| 215|0x00000000ed700000, 0x00000000ed800000, 0x00000000ed800000|100%| E|CS|TAMS 0x00000000ed700000, 0x00000000ed700000| Complete 
| 216|0x00000000ed800000, 0x00000000ed900000, 0x00000000ed900000|100%| E|CS|TAMS 0x00000000ed800000, 0x00000000ed800000| Complete 
| 217|0x00000000ed900000, 0x00000000eda00000, 0x00000000eda00000|100%| E|CS|TAMS 0x00000000ed900000, 0x00000000ed900000| Complete 
| 218|0x00000000eda00000, 0x00000000edb00000, 0x00000000edb00000|100%| E|CS|TAMS 0x00000000eda00000, 0x00000000eda00000| Complete 
| 219|0x00000000edb00000, 0x00000000edc00000, 0x00000000edc00000|100%| E|CS|TAMS 0x00000000edb00000, 0x00000000edb00000| Complete 
| 220|0x00000000edc00000, 0x00000000edd00000, 0x00000000edd00000|100%| E|CS|TAMS 0x00000000edc00000, 0x00000000edc00000| Complete 
| 221|0x00000000edd00000, 0x00000000ede00000, 0x00000000ede00000|100%| E|CS|TAMS 0x00000000edd00000, 0x00000000edd00000| Complete 
| 222|0x00000000ede00000, 0x00000000edf00000, 0x00000000edf00000|100%| E|CS|TAMS 0x00000000ede00000, 0x00000000ede00000| Complete 
| 223|0x00000000edf00000, 0x00000000ee000000, 0x00000000ee000000|100%| E|CS|TAMS 0x00000000edf00000, 0x00000000edf00000| Complete 
| 224|0x00000000ee000000, 0x00000000ee100000, 0x00000000ee100000|100%| E|CS|TAMS 0x00000000ee000000, 0x00000000ee000000| Complete 
| 225|0x00000000ee100000, 0x00000000ee200000, 0x00000000ee200000|100%| E|CS|TAMS 0x00000000ee100000, 0x00000000ee100000| Complete 
| 226|0x00000000ee200000, 0x00000000ee300000, 0x00000000ee300000|100%| E|CS|TAMS 0x00000000ee200000, 0x00000000ee200000| Complete 
| 227|0x00000000ee300000, 0x00000000ee400000, 0x00000000ee400000|100%| E|CS|TAMS 0x00000000ee300000, 0x00000000ee300000| Complete 
| 228|0x00000000ee400000, 0x00000000ee500000, 0x00000000ee500000|100%| E|CS|TAMS 0x00000000ee400000, 0x00000000ee400000| Complete 
| 229|0x00000000ee500000, 0x00000000ee600000, 0x00000000ee600000|100%| E|CS|TAMS 0x00000000ee500000, 0x00000000ee500000| Complete 
| 230|0x00000000ee600000, 0x00000000ee700000, 0x00000000ee700000|100%| E|CS|TAMS 0x00000000ee600000, 0x00000000ee600000| Complete 
| 231|0x00000000ee700000, 0x00000000ee800000, 0x00000000ee800000|100%| E|CS|TAMS 0x00000000ee700000, 0x00000000ee700000| Complete 
| 232|0x00000000ee800000, 0x00000000ee900000, 0x00000000ee900000|100%| E|CS|TAMS 0x00000000ee800000, 0x00000000ee800000| Complete 
| 233|0x00000000ee900000, 0x00000000eea00000, 0x00000000eea00000|100%| E|CS|TAMS 0x00000000ee900000, 0x00000000ee900000| Complete 
| 234|0x00000000eea00000, 0x00000000eeb00000, 0x00000000eeb00000|100%| E|CS|TAMS 0x00000000eea00000, 0x00000000eea00000| Complete 
| 235|0x00000000eeb00000, 0x00000000eec00000, 0x00000000eec00000|100%| E|CS|TAMS 0x00000000eeb00000, 0x00000000eeb00000| Complete 
| 236|0x00000000eec00000, 0x00000000eed00000, 0x00000000eed00000|100%| E|CS|TAMS 0x00000000eec00000, 0x00000000eec00000| Complete 
| 237|0x00000000eed00000, 0x00000000eee00000, 0x00000000eee00000|100%| E|CS|TAMS 0x00000000eed00000, 0x00000000eed00000| Complete 
| 238|0x00000000eee00000, 0x00000000eef00000, 0x00000000eef00000|100%| E|CS|TAMS 0x00000000eee00000, 0x00000000eee00000| Complete 
| 239|0x00000000eef00000, 0x00000000ef000000, 0x00000000ef000000|100%| E|CS|TAMS 0x00000000eef00000, 0x00000000eef00000| Complete 
| 240|0x00000000ef000000, 0x00000000ef100000, 0x00000000ef100000|100%| E|CS|TAMS 0x00000000ef000000, 0x00000000ef000000| Complete 
| 241|0x00000000ef100000, 0x00000000ef200000, 0x00000000ef200000|100%| E|CS|TAMS 0x00000000ef100000, 0x00000000ef100000| Complete 
| 242|0x00000000ef200000, 0x00000000ef300000, 0x00000000ef300000|100%| E|CS|TAMS 0x00000000ef200000, 0x00000000ef200000| Complete 
| 243|0x00000000ef300000, 0x00000000ef400000, 0x00000000ef400000|100%| E|CS|TAMS 0x00000000ef300000, 0x00000000ef300000| Complete 
| 244|0x00000000ef400000, 0x00000000ef500000, 0x00000000ef500000|100%| E|CS|TAMS 0x00000000ef400000, 0x00000000ef400000| Complete 
| 245|0x00000000ef500000, 0x00000000ef600000, 0x00000000ef600000|100%| E|CS|TAMS 0x00000000ef500000, 0x00000000ef500000| Complete 
| 246|0x00000000ef600000, 0x00000000ef700000, 0x00000000ef700000|100%| E|CS|TAMS 0x00000000ef600000, 0x00000000ef600000| Complete 
| 247|0x00000000ef700000, 0x00000000ef800000, 0x00000000ef800000|100%| E|CS|TAMS 0x00000000ef700000, 0x00000000ef700000| Complete 
| 248|0x00000000ef800000, 0x00000000ef900000, 0x00000000ef900000|100%| E|CS|TAMS 0x00000000ef800000, 0x00000000ef800000| Complete 
| 249|0x00000000ef900000, 0x00000000efa00000, 0x00000000efa00000|100%| E|CS|TAMS 0x00000000ef900000, 0x00000000ef900000| Complete 
| 250|0x00000000efa00000, 0x00000000efb00000, 0x00000000efb00000|100%| E|CS|TAMS 0x00000000efa00000, 0x00000000efa00000| Complete 
| 251|0x00000000efb00000, 0x00000000efc00000, 0x00000000efc00000|100%| E|CS|TAMS 0x00000000efb00000, 0x00000000efb00000| Complete 
| 252|0x00000000efc00000, 0x00000000efd00000, 0x00000000efd00000|100%| E|CS|TAMS 0x00000000efc00000, 0x00000000efc00000| Complete 
| 253|0x00000000efd00000, 0x00000000efe00000, 0x00000000efe00000|100%| E|CS|TAMS 0x00000000efd00000, 0x00000000efd00000| Complete 
| 254|0x00000000efe00000, 0x00000000eff00000, 0x00000000eff00000|100%| E|CS|TAMS 0x00000000efe00000, 0x00000000efe00000| Complete 
| 255|0x00000000eff00000, 0x00000000f0000000, 0x00000000f0000000|100%| E|CS|TAMS 0x00000000eff00000, 0x00000000eff00000| Complete 

Card table byte_map: [0x000000000a0d0000,0x000000000a1d0000] _byte_map_base: 0x00000000099d0000

Marking Bits (Prev, Next): (CMBitMap*) 0x00000000004f3c30, (CMBitMap*) 0x00000000004f3c70
 Prev Bits: [0x000000000a2d0000, 0x000000000aad0000)
 Next Bits: [0x000000000aad0000, 0x000000000b2d0000)

Polling page: 0x0000000000120000

Metaspace:

Usage:
  Non-class:     42.53 MB used.
      Class:      6.87 MB used.
       Both:     49.39 MB used.

Virtual space:
  Non-class space:       48.00 MB reserved,      42.88 MB ( 89%) committed,  6 nodes.
      Class space:      208.00 MB reserved,       7.19 MB (  3%) committed,  1 nodes.
             Both:      256.00 MB reserved,      50.06 MB ( 20%) committed. 

Chunk freelists:
   Non-Class:  716.00 KB
       Class:  893.00 KB
        Both:  1.57 MB

MaxMetaspaceSize: 256.00 MB
CompressedClassSpaceSize: 208.00 MB
Initial GC threshold: 21.00 MB
Current GC threshold: 59.00 MB
CDS: on
MetaspaceReclaimPolicy: balanced
 - commit_granule_bytes: 65536.
 - commit_granule_words: 8192.
 - virtual_space_node_default_size: 1048576.
 - enlarge_chunks_in_place: 1.
 - new_chunks_are_fully_committed: 0.
 - uncommit_free_chunks: 1.
 - use_allocation_guard: 0.
 - handle_deallocations: 1.


Internal statistics:

num_allocs_failed_limit: 6.
num_arena_births: 680.
num_arena_deaths: 0.
num_vsnodes_births: 7.
num_vsnodes_deaths: 0.
num_space_committed: 801.
num_space_uncommitted: 0.
num_chunks_returned_to_freelist: 6.
num_chunks_taken_from_freelist: 2730.
num_chunk_merges: 6.
num_chunk_splits: 1753.
num_chunks_enlarged: 1131.
num_purges: 0.
num_inconsistent_stats: 0.

CodeHeap 'non-profiled nmethods': size=120064Kb used=2573Kb max_used=3018Kb free=117490Kb
 bounds [0x0000000016ad0000, 0x0000000016dd0000, 0x000000001e010000]
CodeHeap 'profiled nmethods': size=120000Kb used=10909Kb max_used=11575Kb free=109090Kb
 bounds [0x000000000f5a0000, 0x00000000100f0000, 0x0000000016ad0000]
CodeHeap 'non-nmethods': size=5696Kb used=2322Kb max_used=2361Kb free=3373Kb
 bounds [0x000000000f010000, 0x000000000f280000, 0x000000000f5a0000]
 total_blobs=6272 nmethods=5430 adapters=755
 compilation: enabled
              stopped_count=0, restarted_count=0
 full_count=0

Compilation events (20 events):
Event: 29.733 Thread 0x000000000d9641e0 6218       3       java.lang.Class::getDeclaredField (54 bytes)
Event: 29.734 Thread 0x000000000d9641e0 nmethod 6218 0x000000000f7f5410 code [0x000000000f7f56c0, 0x000000000f7f62a8]
Event: 29.734 Thread 0x000000000d9641e0 6219       3       java.security.MessageDigestSpi::<init> (5 bytes)
Event: 29.734 Thread 0x000000000d9641e0 nmethod 6219 0x000000000ffcb090 code [0x000000000ffcb220, 0x000000000ffcb378]
Event: 29.735 Thread 0x000000000d9641e0 6220       3       org.gradle.internal.event.ListenerBroadcast::dispatch (9 bytes)
Event: 29.735 Thread 0x000000000d9641e0 nmethod 6220 0x000000000f7f4d90 code [0x000000000f7f4f40, 0x000000000f7f52e8]
Event: 29.735 Thread 0x000000000d9641e0 6221       3       org.gradle.internal.event.DefaultListenerManager$EventBroadcast$ListenerDispatch::dispatch (9 bytes)
Event: 29.735 Thread 0x000000000d9641e0 nmethod 6221 0x000000000f60ac10 code [0x000000000f60adc0, 0x000000000f60b008]
Event: 29.740 Thread 0x000000000d9641e0 6222       2       com.google.common.collect.Iterators::emptyListIterator (4 bytes)
Event: 29.740 Thread 0x000000000d9641e0 nmethod 6222 0x000000000f6e3590 code [0x000000000f6e3720, 0x000000000f6e3818]
Event: 29.742 Thread 0x000000000d9641e0 6223   !   3       java.io.ObjectOutputStream::writeObject0 (620 bytes)
Event: 29.746 Thread 0x000000000d9641e0 nmethod 6223 0x000000000f5e8f10 code [0x000000000f5e95c0, 0x000000000f5ecf98]
Event: 29.748 Thread 0x000000000d9641e0 6224   !   3       java.io.ObjectStreamClass::getPrivateMethod (56 bytes)
Event: 29.749 Thread 0x000000000d9641e0 nmethod 6224 0x000000000f5a7b90 code [0x000000000f5a7dc0, 0x000000000f5a85b8]
Event: 29.750 Thread 0x000000000d9641e0 6225       3       java.io.Bits::putShort (16 bytes)
Event: 29.750 Thread 0x000000000d9641e0 nmethod 6225 0x000000000fc81890 code [0x000000000fc81a20, 0x000000000fc81b58]
Event: 29.750 Thread 0x000000000d9641e0 6226       3       java.io.ObjectOutputStream$BlockDataOutputStream::writeShort (47 bytes)
Event: 29.750 Thread 0x000000000d9641e0 nmethod 6226 0x000000000f7f4810 code [0x000000000f7f49c0, 0x000000000f7f4c48]
Event: 29.751 Thread 0x000000000d9641e0 6227       3       java.io.ObjectStreamField::getPrimitiveSignature (98 bytes)
Event: 29.751 Thread 0x000000000d9641e0 nmethod 6227 0x000000000f5a7290 code [0x000000000f5a74a0, 0x000000000f5a7a68]

GC Heap History (16 events):
Event: 1.784 GC heap before
{Heap before GC invocations=0 (full 0):
 garbage-first heap   total 262144K, used 14336K [0x00000000e0000000, 0x0000000100000000)
  region size 1024K, 12 young (12288K), 0 survivors (0K)
 Metaspace       used 1039K, committed 1152K, reserved 221184K
  class space    used 93K, committed 128K, reserved 212992K
}
Event: 1.802 GC heap after
{Heap after GC invocations=1 (full 0):
 garbage-first heap   total 262144K, used 1802K [0x00000000e0000000, 0x0000000100000000)
  region size 1024K, 2 young (2048K), 2 survivors (2048K)
 Metaspace       used 1039K, committed 1152K, reserved 221184K
  class space    used 93K, committed 128K, reserved 212992K
}
Event: 2.950 GC heap before
{Heap before GC invocations=1 (full 0):
 garbage-first heap   total 262144K, used 16138K [0x00000000e0000000, 0x0000000100000000)
  region size 1024K, 14 young (14336K), 2 survivors (2048K)
 Metaspace       used 3000K, committed 3136K, reserved 221184K
  class space    used 388K, committed 448K, reserved 212992K
}
Event: 2.956 GC heap after
{Heap after GC invocations=2 (full 0):
 garbage-first heap   total 262144K, used 9191K [0x00000000e0000000, 0x0000000100000000)
  region size 1024K, 2 young (2048K), 2 survivors (2048K)
 Metaspace       used 3000K, committed 3136K, reserved 221184K
  class space    used 388K, committed 448K, reserved 212992K
}
Event: 3.392 GC heap before
{Heap before GC invocations=2 (full 0):
 garbage-first heap   total 262144K, used 22503K [0x00000000e0000000, 0x0000000100000000)
  region size 1024K, 15 young (15360K), 2 survivors (2048K)
 Metaspace       used 3924K, committed 4096K, reserved 221184K
  class space    used 487K, committed 576K, reserved 212992K
}
Event: 3.395 GC heap after
{Heap after GC invocations=3 (full 0):
 garbage-first heap   total 262144K, used 9830K [0x00000000e0000000, 0x0000000100000000)
  region size 1024K, 1 young (1024K), 1 survivors (1024K)
 Metaspace       used 3924K, committed 4096K, reserved 221184K
  class space    used 487K, committed 576K, reserved 212992K
}
Event: 14.526 GC heap before
{Heap before GC invocations=3 (full 0):
 garbage-first heap   total 262144K, used 166502K [0x00000000e0000000, 0x0000000100000000)
  region size 1024K, 138 young (141312K), 1 survivors (1024K)
 Metaspace       used 21135K, committed 21504K, reserved 237568K
  class space    used 3152K, committed 3328K, reserved 212992K
}
Event: 14.570 GC heap after
{Heap after GC invocations=4 (full 0):
 garbage-first heap   total 262144K, used 41531K [0x00000000e0000000, 0x0000000100000000)
  region size 1024K, 15 young (15360K), 15 survivors (15360K)
 Metaspace       used 21135K, committed 21504K, reserved 237568K
  class space    used 3152K, committed 3328K, reserved 212992K
}
Event: 18.064 GC heap before
{Heap before GC invocations=5 (full 0):
 garbage-first heap   total 262144K, used 93755K [0x00000000e0000000, 0x0000000100000000)
  region size 1024K, 67 young (68608K), 15 survivors (15360K)
 Metaspace       used 29072K, committed 29504K, reserved 245760K
  class space    used 4107K, committed 4288K, reserved 212992K
}
Event: 18.092 GC heap after
{Heap after GC invocations=6 (full 0):
 garbage-first heap   total 262144K, used 47015K [0x00000000e0000000, 0x0000000100000000)
  region size 1024K, 6 young (6144K), 6 survivors (6144K)
 Metaspace       used 29072K, committed 29504K, reserved 245760K
  class space    used 4107K, committed 4288K, reserved 212992K
}
Event: 18.359 GC heap before
{Heap before GC invocations=6 (full 0):
 garbage-first heap   total 262144K, used 55207K [0x00000000e0000000, 0x0000000100000000)
  region size 1024K, 12 young (12288K), 6 survivors (6144K)
 Metaspace       used 30330K, committed 30720K, reserved 245760K
  class space    used 4171K, committed 4352K, reserved 212992K
}
Event: 18.373 GC heap after
{Heap after GC invocations=7 (full 0):
 garbage-first heap   total 262144K, used 47104K [0x00000000e0000000, 0x0000000100000000)
  region size 1024K, 1 young (1024K), 1 survivors (1024K)
 Metaspace       used 30330K, committed 30720K, reserved 245760K
  class space    used 4171K, committed 4352K, reserved 212992K
}
Event: 21.510 GC heap before
{Heap before GC invocations=7 (full 0):
 garbage-first heap   total 262144K, used 106496K [0x00000000e0000000, 0x0000000100000000)
  region size 1024K, 48 young (49152K), 1 survivors (1024K)
 Metaspace       used 35511K, committed 35968K, reserved 245760K
  class space    used 4806K, committed 4992K, reserved 212992K
}
Event: 21.522 GC heap after
{Heap after GC invocations=8 (full 0):
 garbage-first heap   total 262144K, used 65536K [0x00000000e0000000, 0x0000000100000000)
  region size 1024K, 6 young (6144K), 6 survivors (6144K)
 Metaspace       used 35511K, committed 35968K, reserved 245760K
  class space    used 4806K, committed 4992K, reserved 212992K
}
Event: 26.975 GC heap before
{Heap before GC invocations=9 (full 0):
 garbage-first heap   total 262144K, used 179200K [0x00000000e0000000, 0x0000000100000000)
  region size 1024K, 112 young (114688K), 6 survivors (6144K)
 Metaspace       used 46802K, committed 47360K, reserved 262144K
  class space    used 6488K, committed 6784K, reserved 212992K
}
Event: 27.003 GC heap after
{Heap after GC invocations=10 (full 0):
 garbage-first heap   total 262144K, used 78378K [0x00000000e0000000, 0x0000000100000000)
  region size 1024K, 14 young (14336K), 14 survivors (14336K)
 Metaspace       used 46802K, committed 47360K, reserved 262144K
  class space    used 6488K, committed 6784K, reserved 212992K
}

Deoptimization events (20 events):
Event: 29.585 Thread 0x00000000278bb1e0 DEOPT PACKING pc=0x0000000016c6150c sp=0x000000002a29a970
Event: 29.585 Thread 0x00000000278bb1e0 DEOPT UNPACKING pc=0x000000000f06239d sp=0x000000002a29a910 mode 2
Event: 29.585 Thread 0x00000000278bb1e0 Uncommon trap: trap_request=0xffffffc6 fr.pc=0x0000000016c6150c relative=0x00000000000003ac
Event: 29.585 Thread 0x00000000278bb1e0 Uncommon trap: reason=bimorphic_or_optimized_type_check action=maybe_recompile pc=0x0000000016c6150c method=java.util.Spliterators$IteratorSpliterator.tryAdvance(Ljava/util/function/Consumer;)Z @ 50 c2
Event: 29.585 Thread 0x00000000278bb1e0 DEOPT PACKING pc=0x0000000016c6150c sp=0x000000002a29a970
Event: 29.585 Thread 0x00000000278bb1e0 DEOPT UNPACKING pc=0x000000000f06239d sp=0x000000002a29a910 mode 2
Event: 29.585 Thread 0x00000000278bb1e0 Uncommon trap: trap_request=0xffffffc6 fr.pc=0x0000000016c6150c relative=0x00000000000003ac
Event: 29.585 Thread 0x00000000278bb1e0 Uncommon trap: reason=bimorphic_or_optimized_type_check action=maybe_recompile pc=0x0000000016c6150c method=java.util.Spliterators$IteratorSpliterator.tryAdvance(Ljava/util/function/Consumer;)Z @ 50 c2
Event: 29.585 Thread 0x00000000278bb1e0 DEOPT PACKING pc=0x0000000016c6150c sp=0x000000002a29a970
Event: 29.585 Thread 0x00000000278bb1e0 DEOPT UNPACKING pc=0x000000000f06239d sp=0x000000002a29a910 mode 2
Event: 29.728 Thread 0x00000000278bb1e0 Uncommon trap: trap_request=0xffffffde fr.pc=0x0000000016d2c8ec relative=0x000000000000014c
Event: 29.728 Thread 0x00000000278bb1e0 Uncommon trap: reason=class_check action=maybe_recompile pc=0x0000000016d2c8ec method=java.util.stream.StreamOpFlag.fromCharacteristics(Ljava/util/Spliterator;)I @ 14 c2
Event: 29.728 Thread 0x00000000278bb1e0 DEOPT PACKING pc=0x0000000016d2c8ec sp=0x000000002a299fd0
Event: 29.728 Thread 0x00000000278bb1e0 DEOPT UNPACKING pc=0x000000000f06239d sp=0x000000002a299f10 mode 2
Event: 29.737 Thread 0x00000000278bb1e0 DEOPT PACKING pc=0x000000000f7bc7bc sp=0x000000002a29a530
Event: 29.737 Thread 0x00000000278bb1e0 DEOPT UNPACKING pc=0x000000000f062b24 sp=0x000000002a2999f0 mode 0
Event: 29.739 Thread 0x00000000278bb1e0 Uncommon trap: trap_request=0xffffffc6 fr.pc=0x0000000016d4d9ac relative=0x000000000000008c
Event: 29.739 Thread 0x00000000278bb1e0 Uncommon trap: reason=bimorphic_or_optimized_type_check action=maybe_recompile pc=0x0000000016d4d9ac method=java.util.Collections$SetFromMap.remove(Ljava/lang/Object;)Z @ 5 c2
Event: 29.739 Thread 0x00000000278bb1e0 DEOPT PACKING pc=0x0000000016d4d9ac sp=0x000000002a29af30
Event: 29.739 Thread 0x00000000278bb1e0 DEOPT UNPACKING pc=0x000000000f06239d sp=0x000000002a29aec8 mode 2

Classes unloaded (0 events):
No events

Classes redefined (0 events):
No events

Internal exceptions (20 events):
Event: 27.866 Thread 0x000000001e7333f0 Exception <a 'sun/nio/fs/WindowsException'{0x00000000efabf740}> (0x00000000efabf740) 
thrown [t:\workspace\open\src\hotspot\share\prims\jni.cpp, line 516]
Event: 27.875 Thread 0x000000001e7333f0 Exception <a 'sun/nio/fs/WindowsException'{0x00000000ef539328}> (0x00000000ef539328) 
thrown [t:\workspace\open\src\hotspot\share\prims\jni.cpp, line 516]
Event: 27.875 Thread 0x000000001e7333f0 Exception <a 'sun/nio/fs/WindowsException'{0x00000000ef539490}> (0x00000000ef539490) 
thrown [t:\workspace\open\src\hotspot\share\prims\jni.cpp, line 516]
Event: 27.883 Thread 0x00000000278bb1e0 Exception <a 'java/lang/ClassNotFoundException'{0x00000000ef576498}: build_9coqqcp54498gs5m41kvyhw6eBeanInfo> (0x00000000ef576498) 
thrown [t:\workspace\open\src\hotspot\share\classfile\systemDictionary.cpp, line 256]
Event: 27.883 Thread 0x00000000278bb1e0 Exception <a 'java/lang/ClassNotFoundException'{0x00000000ef57c4c0}: build_9coqqcp54498gs5m41kvyhw6eCustomizer> (0x00000000ef57c4c0) 
thrown [t:\workspace\open\src\hotspot\share\classfile\systemDictionary.cpp, line 256]
Event: 28.176 Thread 0x00000000278bb1e0 Exception <a 'java/lang/ClassNotFoundException'{0x00000000ef1fd160}: org/jetbrains/plugins/gradle/model/web/WebConfigurationBeanInfo> (0x00000000ef1fd160) 
thrown [t:\workspace\open\src\hotspot\share\classfile\systemDictionary.cpp, line 256]
Event: 28.176 Thread 0x00000000278bb1e0 Exception <a 'java/lang/ClassNotFoundException'{0x00000000ef006fe8}: org/jetbrains/plugins/gradle/model/web/WebConfigurationCustomizer> (0x00000000ef006fe8) 
thrown [t:\workspace\open\src\hotspot\share\classfile\systemDictionary.cpp, line 256]
Event: 28.179 Thread 0x00000000278bb1e0 Exception <a 'java/lang/ClassNotFoundException'{0x00000000ef02d8a0}: org/jetbrains/plugins/gradle/model/scala/ScalaModelBeanInfo> (0x00000000ef02d8a0) 
thrown [t:\workspace\open\src\hotspot\share\classfile\systemDictionary.cpp, line 256]
Event: 28.180 Thread 0x00000000278bb1e0 Exception <a 'java/lang/ClassNotFoundException'{0x00000000ef0370e8}: org/jetbrains/plugins/gradle/model/scala/ScalaModelCustomizer> (0x00000000ef0370e8) 
thrown [t:\workspace\open\src\hotspot\share\classfile\systemDictionary.cpp, line 256]
Event: 29.222 Thread 0x000000001e731240 Exception <a 'java/lang/NoSuchMethodError'{0x00000000eff08bc0}: static Lorg/gradle/tooling/internal/provider/PhasedBuildActionResult;.<clinit>()V> (0x00000000eff08bc0) 
thrown [t:\workspace\open\src\hotspot\share\prims\jni.cpp, line 1107]
Event: 29.223 Thread 0x000000001e731240 Exception <a 'java/lang/NoSuchMethodError'{0x00000000ee583b08}: static Lorg/gradle/tooling/internal/provider/serialization/SerializedPayload;.<clinit>()V> (0x00000000ee583b08) 
thrown [t:\workspace\open\src\hotspot\share\prims\jni.cpp, line 1107]
Event: 29.225 Thread 0x000000001e731240 Exception <a 'java/lang/NoSuchMethodError'{0x00000000ee589880}: static [B.<clinit>()V> (0x00000000ee589880) 
thrown [t:\workspace\open\src\hotspot\share\prims\jni.cpp, line 1107]
Event: 29.730 Thread 0x000000001e731240 Exception <a 'java/lang/NoSuchMethodError'{0x00000000ee18ab98}: static Lorg/gradle/internal/build/event/types/DefaultTaskStartedProgressEvent;.<clinit>()V> (0x00000000ee18ab98) 
thrown [t:\workspace\open\src\hotspot\share\prims\jni.cpp, line 1107]
Event: 29.731 Thread 0x000000001e731240 Exception <a 'java/lang/NoSuchMethodError'{0x00000000ee18c0e8}: static Lorg/gradle/internal/build/event/types/AbstractProgressEvent;.<clinit>()V> (0x00000000ee18c0e8) 
thrown [t:\workspace\open\src\hotspot\share\prims\jni.cpp, line 1107]
Event: 29.732 Thread 0x000000001e731240 Exception <a 'java/lang/NoSuchMethodError'{0x00000000ee1954d0}: static Lorg/gradle/internal/build/event/types/DefaultTaskDescriptor;.<clinit>()V> (0x00000000ee1954d0) 
thrown [t:\workspace\open\src\hotspot\share\prims\jni.cpp, line 1107]
Event: 29.733 Thread 0x000000001e731240 Exception <a 'java/lang/NoSuchMethodError'{0x00000000ee19d708}: static Lorg/gradle/internal/operations/OperationIdentifier;.<clinit>()V> (0x00000000ee19d708) 
thrown [t:\workspace\open\src\hotspot\share\prims\jni.cpp, line 1107]
Event: 29.742 Thread 0x000000001e731240 Exception <a 'java/lang/NoSuchMethodError'{0x00000000ee1a5960}: static Lorg/gradle/internal/build/event/types/DefaultTaskFinishedProgressEvent;.<clinit>()V> (0x00000000ee1a5960) 
thrown [t:\workspace\open\src\hotspot\share\prims\jni.cpp, line 1107]
Event: 29.750 Thread 0x000000001e731240 Exception <a 'java/lang/NoSuchMethodError'{0x00000000ee1baed8}: static Lorg/gradle/internal/build/event/types/DefaultTaskSuccessResult;.<clinit>()V> (0x00000000ee1baed8) 
thrown [t:\workspace\open\src\hotspot\share\prims\jni.cpp, line 1107]
Event: 29.751 Thread 0x000000001e731240 Exception <a 'java/lang/NoSuchMethodError'{0x00000000ee1bc148}: static Lorg/gradle/internal/build/event/types/AbstractTaskResult;.<clinit>()V> (0x00000000ee1bc148) 
thrown [t:\workspace\open\src\hotspot\share\prims\jni.cpp, line 1107]
Event: 29.751 Thread 0x000000001e731240 Exception <a 'java/lang/NoSuchMethodError'{0x00000000ee1bd7f0}: static Lorg/gradle/internal/build/event/types/AbstractResult;.<clinit>()V> (0x00000000ee1bd7f0) 
thrown [t:\workspace\open\src\hotspot\share\prims\jni.cpp, line 1107]

VM Operations (20 events):
Event: 26.730 Executing VM operation: HandshakeAllThreads
Event: 26.730 Executing VM operation: HandshakeAllThreads done
Event: 26.756 Executing VM operation: HandshakeAllThreads
Event: 26.759 Executing VM operation: HandshakeAllThreads done
Event: 26.843 Executing VM operation: ICBufferFull
Event: 26.843 Executing VM operation: ICBufferFull done
Event: 26.890 Executing VM operation: HandshakeAllThreads
Event: 26.895 Executing VM operation: HandshakeAllThreads done
Event: 26.975 Executing VM operation: G1CollectForAllocation
Event: 27.402 Executing VM operation: G1CollectForAllocation done
Event: 27.612 Executing VM operation: ICBufferFull
Event: 27.613 Executing VM operation: ICBufferFull done
Event: 27.847 Executing VM operation: ICBufferFull
Event: 27.847 Executing VM operation: ICBufferFull done
Event: 29.515 Executing VM operation: HandshakeAllThreads
Event: 29.516 Executing VM operation: HandshakeAllThreads done
Event: 29.516 Executing VM operation: Cleanup
Event: 29.517 Executing VM operation: Cleanup done
Event: 29.737 Executing VM operation: HandshakeAllThreads
Event: 29.737 Executing VM operation: HandshakeAllThreads done

Events (20 events):
Event: 29.211 loading class java/util/function/IntBinaryOperator done
Event: 29.212 loading class java/io/ObjectOutputStream$PutFieldImpl
Event: 29.212 loading class java/io/ObjectOutputStream$PutField
Event: 29.212 loading class java/io/ObjectOutputStream$PutField done
Event: 29.212 loading class java/io/ObjectOutputStream$PutFieldImpl done
Event: 29.516 loading class java/util/TreeMap$DescendingSubMap
Event: 29.529 loading class java/util/TreeMap$NavigableSubMap
Event: 29.530 loading class java/util/TreeMap$NavigableSubMap done
Event: 29.530 loading class java/util/TreeMap$DescendingSubMap done
Event: 29.532 loading class java/util/TreeMap$NavigableSubMap$DescendingSubMapKeyIterator
Event: 29.532 loading class java/util/TreeMap$NavigableSubMap$SubMapIterator
Event: 29.532 loading class java/util/TreeMap$NavigableSubMap$SubMapIterator done
Event: 29.532 loading class java/util/TreeMap$NavigableSubMap$DescendingSubMapKeyIterator done
Event: 29.567 Thread 0x0000000028ceccf0 Thread added: 0x0000000028ceccf0
Event: 29.641 Thread 0x0000000028ced1c0 Thread added: 0x0000000028ced1c0
Event: 29.727 loading class java/util/TreeMap$KeySpliterator
Event: 29.727 loading class java/util/TreeMap$TreeMapSpliterator
Event: 29.728 loading class java/util/TreeMap$TreeMapSpliterator done
Event: 29.728 loading class java/util/TreeMap$KeySpliterator done
Event: 29.752 Thread 0x0000000028ceccf0 Thread exited: 0x0000000028ceccf0


Dynamic libraries:
0x000000013fa60000 - 0x000000013fa6e000 	C:\Users\¬Œ¬¿\.jdks\openjdk-17.0.1\bin\java.exe
0x00000000777b0000 - 0x000000007795a000 	C:\Windows\SYSTEM32\ntdll.dll
0x0000000077520000 - 0x000000007763f000 	C:\Windows\system32\kernel32.dll
0x000007fefd800000 - 0x000007fefd86c000 	C:\Windows\system32\KERNELBASE.dll
0x000007fef03a0000 - 0x000007fef03b8000 	C:\Users\¬Œ¬¿\.jdks\openjdk-17.0.1\bin\jli.dll
0x000007fefbbc0000 - 0x000007fefbdb4000 	C:\Windows\WinSxS\amd64_microsoft.windows.common-controls_6595b64144ccf1df_6.0.7601.17514_none_fa396087175ac9ac\COMCTL32.dll
0x000007fefe720000 - 0x000007fefe7bf000 	C:\Windows\system32\msvcrt.dll
0x000007feff4c0000 - 0x000007feff527000 	C:\Windows\system32\GDI32.dll
0x0000000077640000 - 0x00000000777b0000 	C:\Windows\system32\USER32.dll
0x000007feffab0000 - 0x000007feffabe000 	C:\Windows\system32\LPK.dll
0x000007feff640000 - 0x000007feff709000 	C:\Windows\system32\USP10.dll
0x000007fefead0000 - 0x000007fefeb41000 	C:\Windows\system32\SHLWAPI.dll
0x000007fef03c0000 - 0x000007fef03da000 	C:\Users\¬Œ¬¿\.jdks\openjdk-17.0.1\bin\VCRUNTIME140.dll
0x000007fef0380000 - 0x000007fef0384000 	C:\Users\¬Œ¬¿\.jdks\openjdk-17.0.1\bin\api-ms-win-crt-runtime-l1-1-0.dll
0x000007fef0280000 - 0x000007fef037a000 	C:\Users\¬Œ¬¿\.jdks\openjdk-17.0.1\bin\ucrtbase.DLL
0x000007fef0390000 - 0x000007fef0393000 	C:\Users\¬Œ¬¿\.jdks\openjdk-17.0.1\bin\api-ms-win-core-localization-l1-2-0.dll
0x000007fef0260000 - 0x000007fef0263000 	C:\Users\¬Œ¬¿\.jdks\openjdk-17.0.1\bin\api-ms-win-core-processthreads-l1-1-1.dll
0x000007fef0270000 - 0x000007fef0273000 	C:\Users\¬Œ¬¿\.jdks\openjdk-17.0.1\bin\api-ms-win-core-file-l1-2-0.dll
0x000007fef0240000 - 0x000007fef0243000 	C:\Users\¬Œ¬¿\.jdks\openjdk-17.0.1\bin\api-ms-win-core-timezone-l1-1-0.dll
0x000007fef0250000 - 0x000007fef0253000 	C:\Users\¬Œ¬¿\.jdks\openjdk-17.0.1\bin\api-ms-win-core-file-l2-1-0.dll
0x000007fef0220000 - 0x000007fef0223000 	C:\Users\¬Œ¬¿\.jdks\openjdk-17.0.1\bin\api-ms-win-core-synch-l1-2-0.dll
0x000007fef0230000 - 0x000007fef0233000 	C:\Users\¬Œ¬¿\.jdks\openjdk-17.0.1\bin\api-ms-win-crt-heap-l1-1-0.dll
0x000007fef0200000 - 0x000007fef0204000 	C:\Users\¬Œ¬¿\.jdks\openjdk-17.0.1\bin\api-ms-win-crt-string-l1-1-0.dll
0x000007fef0210000 - 0x000007fef0214000 	C:\Users\¬Œ¬¿\.jdks\openjdk-17.0.1\bin\api-ms-win-crt-stdio-l1-1-0.dll
0x000007fef01e0000 - 0x000007fef01e4000 	C:\Users\¬Œ¬¿\.jdks\openjdk-17.0.1\bin\api-ms-win-crt-convert-l1-1-0.dll
0x000007fef01f0000 - 0x000007fef01f3000 	C:\Users\¬Œ¬¿\.jdks\openjdk-17.0.1\bin\api-ms-win-crt-environment-l1-1-0.dll
0x000007fef01c0000 - 0x000007fef01c3000 	C:\Users\¬Œ¬¿\.jdks\openjdk-17.0.1\bin\api-ms-win-crt-filesystem-l1-1-0.dll
0x000007fef01d0000 - 0x000007fef01d5000 	C:\Users\¬Œ¬¿\.jdks\openjdk-17.0.1\bin\api-ms-win-crt-math-l1-1-0.dll
0x000007fef01a0000 - 0x000007fef01a3000 	C:\Users\¬Œ¬¿\.jdks\openjdk-17.0.1\bin\api-ms-win-crt-locale-l1-1-0.dll
0x000007feff610000 - 0x000007feff63e000 	C:\Windows\system32\IMM32.DLL
0x000007fefeb70000 - 0x000007fefec79000 	C:\Windows\system32\MSCTF.dll
0x000007fefd410000 - 0x000007fefd441000 	C:\Windows\system32\nvinitx.dll
0x000007fefe910000 - 0x000007fefe9eb000 	C:\Windows\system32\ADVAPI32.dll
0x000007fefeb50000 - 0x000007fefeb6f000 	C:\Windows\SYSTEM32\sechost.dll
0x000007fefe7c0000 - 0x000007fefe8ed000 	C:\Windows\system32\RPCRT4.dll
0x000000000f000000 - 0x000000000f006000 	C:\Program Files\NVIDIA Corporation\CoProcManager\detoured.dll
0x000007fefa5a0000 - 0x000007fefa5d2000 	C:\Program Files\NVIDIA Corporation\CoProcManager\nvd3d9wrapx.dll
0x000007feff030000 - 0x000007feff20b000 	C:\Windows\system32\SETUPAPI.dll
0x000007fefd5b0000 - 0x000007fefd5e6000 	C:\Windows\system32\CFGMGR32.dll
0x000007feff530000 - 0x000007feff607000 	C:\Windows\system32\OLEAUT32.dll
0x000007feff2b0000 - 0x000007feff4b3000 	C:\Windows\system32\ole32.dll
0x000007fefd870000 - 0x000007fefd88a000 	C:\Windows\system32\DEVOBJ.dll
0x000007fefa160000 - 0x000007fefa182000 	C:\Program Files\NVIDIA Corporation\CoProcManager\nvdxgiwrapx.dll
0x000007fef01b0000 - 0x000007fef01bc000 	C:\Users\¬Œ¬¿\.jdks\openjdk-17.0.1\bin\vcruntime140_1.dll
0x000007fef0080000 - 0x000007fef010d000 	C:\Users\¬Œ¬¿\.jdks\openjdk-17.0.1\bin\msvcp140.dll
0x000007fef0190000 - 0x000007fef0193000 	C:\Users\¬Œ¬¿\.jdks\openjdk-17.0.1\bin\api-ms-win-crt-time-l1-1-0.dll
0x000007fef0180000 - 0x000007fef0183000 	C:\Users\¬Œ¬¿\.jdks\openjdk-17.0.1\bin\api-ms-win-crt-utility-l1-1-0.dll
0x000007feef4c0000 - 0x000007fef007e000 	C:\Users\¬Œ¬¿\.jdks\openjdk-17.0.1\bin\server\jvm.dll
0x000007fefc330000 - 0x000007fefc339000 	C:\Windows\system32\WSOCK32.dll
0x000007feffa60000 - 0x000007feffaad000 	C:\Windows\system32\WS2_32.dll
0x000007fefd8a0000 - 0x000007fefd8a8000 	C:\Windows\system32\NSI.dll
0x000007fefa120000 - 0x000007fefa15b000 	C:\Windows\system32\WINMM.dll
0x000007fefc570000 - 0x000007fefc57c000 	C:\Windows\system32\VERSION.dll
0x0000000077980000 - 0x0000000077987000 	C:\Windows\system32\PSAPI.DLL
0x000007fef0170000 - 0x000007fef017a000 	C:\Users\¬Œ¬¿\.jdks\openjdk-17.0.1\bin\jimage.dll
0x000007fef7500000 - 0x000007fef7625000 	C:\Windows\system32\DBGHELP.DLL
0x000007fef0140000 - 0x000007fef0165000 	C:\Users\¬Œ¬¿\.jdks\openjdk-17.0.1\bin\java.dll
0x000007feef3e0000 - 0x000007feef4b6000 	C:\Users\¬Œ¬¿\.jdks\openjdk-17.0.1\bin\svml.dll
0x000007fefd8b0000 - 0x000007fefe715000 	C:\Windows\system32\SHELL32.dll
0x000007fefd4e0000 - 0x000007fefd4ef000 	C:\Windows\system32\profapi.dll
0x000007fef0120000 - 0x000007fef0139000 	C:\Users\¬Œ¬¿\.jdks\openjdk-17.0.1\bin\net.dll
0x000007fef8b20000 - 0x000007fef8b91000 	C:\Windows\system32\WINHTTP.dll
0x000007fef8a90000 - 0x000007fef8af4000 	C:\Windows\system32\webio.dll
0x000007fefcc80000 - 0x000007fefccd5000 	C:\Windows\system32\mswsock.dll
0x000007fefcc70000 - 0x000007fefcc77000 	C:\Windows\System32\wship6.dll
0x000007feef3c0000 - 0x000007feef3d5000 	C:\Users\¬Œ¬¿\.jdks\openjdk-17.0.1\bin\nio.dll
0x000007feef3a0000 - 0x000007feef3b8000 	C:\Users\¬Œ¬¿\.jdks\openjdk-17.0.1\bin\zip.dll
0x000007fef0110000 - 0x000007fef0120000 	C:\Users\¬Œ¬¿\.jdks\openjdk-17.0.1\bin\verify.dll
0x000007fef6de0000 - 0x000007fef6e07000 	C:\Users\¬Œ¬¿\.gradle\native\e1d6ef7f7dcc3fd88c89a11ec53ec762bb8ba0a96d01ffa2cd45eb1d1d8dd5c5\windows-amd64\native-platform.dll
0x000007feef390000 - 0x000007feef399000 	C:\Users\¬Œ¬¿\.jdks\openjdk-17.0.1\bin\management.dll
0x000007feef380000 - 0x000007feef38b000 	C:\Users\¬Œ¬¿\.jdks\openjdk-17.0.1\bin\management_ext.dll
0x000007fefcce0000 - 0x000007fefccf7000 	C:\Windows\system32\CRYPTSP.dll
0x000007fefc9e0000 - 0x000007fefca27000 	C:\Windows\system32\rsaenh.dll
0x00000000003c0000 - 0x00000000003de000 	C:\Windows\system32\USERENV.dll
0x000007fefd340000 - 0x000007fefd34f000 	C:\Windows\system32\CRYPTBASE.dll
0x000007fefaff0000 - 0x000007fefb017000 	C:\Windows\system32\IPHLPAPI.DLL
0x000007fefafe0000 - 0x000007fefafeb000 	C:\Windows\system32\WINNSI.DLL
0x000007fefab90000 - 0x000007fefaba8000 	C:\Windows\system32\dhcpcsvc.DLL
0x000007fefaa90000 - 0x000007fefaaa1000 	C:\Windows\system32\dhcpcsvc6.DLL
0x000007feef370000 - 0x000007feef37e000 	C:\Users\¬Œ¬¿\.jdks\openjdk-17.0.1\bin\sunmscapi.dll
0x000007fefd600000 - 0x000007fefd76c000 	C:\Windows\system32\CRYPT32.dll
0x000007fefd4f0000 - 0x000007fefd4ff000 	C:\Windows\system32\MSASN1.dll
0x000007fefce60000 - 0x000007fefceae000 	C:\Windows\system32\ncrypt.dll
0x000007fefce30000 - 0x000007fefce52000 	C:\Windows\system32\bcrypt.dll

dbghelp: loaded successfully - version: 4.0.5 - missing functions: none
symbol engine: initialized successfully - sym options: 0x614 - pdb path: .;C:\Users\¬Œ¬¿\.jdks\openjdk-17.0.1\bin;C:\Windows\SYSTEM32;C:\Windows\WinSxS\amd64_microsoft.windows.common-controls_6595b64144ccf1df_6.0.7601.17514_none_fa396087175ac9ac;C:\Program Files\NVIDIA Corporation\CoProcManager;C:\Users\¬Œ¬¿\.jdks\openjdk-17.0.1\bin\server;C:\Users\¬Œ¬¿\.gradle\native\e1d6ef7f7dcc3fd88c89a11ec53ec762bb8ba0a96d01ffa2cd45eb1d1d8dd5c5\windows-amd64

VM Arguments:
jvm_args: --add-opens=java.base/java.util=ALL-UNNAMED --add-opens=java.base/java.lang=ALL-UNNAMED --add-opens=java.base/java.lang.invoke=ALL-UNNAMED --add-opens=java.base/java.util=ALL-UNNAMED --add-opens=java.prefs/java.util.prefs=ALL-UNNAMED --add-opens=java.prefs/java.util.prefs=ALL-UNNAMED --add-opens=java.base/java.nio.charset=ALL-UNNAMED --add-opens=java.base/java.net=ALL-UNNAMED --add-opens=java.base/java.util.concurrent.atomic=ALL-UNNAMED -XX:MaxMetaspaceSize=256m -XX:+HeapDumpOnOutOfMemoryError -Xms256m -Xmx512m -Dfile.encoding=windows-1251 -Duser.country=RU -Duser.language=ru -Duser.variant 
java_command: org.gradle.launcher.daemon.bootstrap.GradleDaemon 7.2
java_class_path (initial): C:\Users\¬Œ¬¿\.gradle\wrapper\dists\gradle-7.2-bin\2dnblmf4td7x66yl1d74lt32g\gradle-7.2\lib\gradle-launcher-7.2.jar
Launcher Type: SUN_STANDARD

[Global flags]
     intx CICompilerCount                          = 2                                         {product} {ergonomic}
   size_t CompressedClassSpaceSize                 = 218103808                                 {product} {ergonomic}
     uint ConcGCThreads                            = 1                                         {product} {ergonomic}
     uint G1ConcRefinementThreads                  = 2                                         {product} {ergonomic}
   size_t G1HeapRegionSize                         = 1048576                                   {product} {ergonomic}
    uintx GCDrainStackTargetSize                   = 64                                        {product} {ergonomic}
     bool HeapDumpOnOutOfMemoryError               = true                                   {manageable} {command line}
   size_t InitialHeapSize                          = 268435456                                 {product} {command line}
   size_t MarkStackSize                            = 4194304                                   {product} {ergonomic}
   size_t MaxHeapSize                              = 536870912                                 {product} {command line}
   size_t MaxMetaspaceSize                         = 268435456                                 {product} {command line}
   size_t MaxNewSize                               = 321912832                                 {product} {ergonomic}
   size_t MinHeapDeltaBytes                        = 1048576                                   {product} {ergonomic}
   size_t MinHeapSize                              = 268435456                                 {product} {command line}
    uintx NonNMethodCodeHeapSize                   = 5826188                                {pd product} {ergonomic}
    uintx NonProfiledCodeHeapSize                  = 122916026                              {pd product} {ergonomic}
    uintx ProfiledCodeHeapSize                     = 122916026                              {pd product} {ergonomic}
    uintx ReservedCodeCacheSize                    = 251658240                              {pd product} {ergonomic}
     bool SegmentedCodeCache                       = true                                      {product} {ergonomic}
   size_t SoftMaxHeapSize                          = 536870912                              {manageable} {ergonomic}
     bool UseCompressedClassPointers               = true                           {product lp64_product} {ergonomic}
     bool UseCompressedOops                        = true                           {product lp64_product} {ergonomic}
     bool UseG1GC                                  = true                                      {product} {ergonomic}
     bool UseLargePagesIndividualAllocation        = false                                  {pd product} {ergonomic}

Logging:
Log output configuration:
 #0: stdout all=warning uptime,level,tags
 #1: stderr all=off uptime,level,tags

Environment Variables:
PATH=C:\Program Files\Common Files\Oracle\Java\javapath;C:\ProgramData\Oracle\Java\javapath;C:\Program Files (x86)\NVIDIA Corporation\PhysX\Common;C:\Windows\system32;C:\Windows;C:\Windows\System32\Wbem;C:\Windows\System32\WindowsPowerShell\v1.0\;C:\Program Files (x86)\Common Files\Acronis\SnapAPI\;C:\Program Files (x86)\Acronis\TrueImageHome\;C:\Program Files\Git\cmd
USERNAME=¬Œ¬¿
OS=Windows_NT
PROCESSOR_IDENTIFIER=Intel64 Family 6 Model 42 Stepping 7, GenuineIntel



---------------  S Y S T E M  ---------------

OS:
 Windows 7 , 64 bit Build 7601 (6.1.7601.18409)
OS uptime: 0 days 3:09 hours

CPU: total 2 (initial active 2) (2 cores per cpu, 1 threads per core) family 6 model 42 stepping 7 microcode 0x0, cx8, cmov, fxsr, mmx, sse, sse2, sse3, ssse3, sse4.1, sse4.2, popcnt, tsc, tscinvbit, clmul, clflush

Memory: 4k page, system-wide physical 3962M (71M free)
TotalPageFile size 3961M (AvailPageFile size 5M)
current process WorkingSet (physical memory assigned to process): 395M, peak: 397M
current process commit charge ("private bytes"): 457M, peak: 458M

vm_info: OpenJDK 64-Bit Server VM (17.0.1+12-39) for windows-amd64 JRE (17.0.1+12-39), built on Sep 27 2021 18:39:29 by "mach5one" with MS VC++ 16.8 (VS2019)

END.
